【2016/09/04 03:10:18】time--1473001818
【2016/09/04 03:10:18】来了
【2016/09/04 03:10:18】回复
【2016/09/04 03:10:18】我到了
【2016/09/04 03:10:31】time--1473001830
【2016/09/04 03:10:31】来了
【2016/09/04 03:10:31】回复
【2016/09/04 03:10:31】我到了
【2016/09/04 03:10:45】time--1473001844
【2016/09/04 03:10:45】来了
【2016/09/04 03:10:45】回复
【2016/09/04 03:10:45】我到了
【2016/09/04 03:11:06】time--1473001865
【2016/09/04 03:11:06】来了
【2016/09/04 03:11:06】回复
【2016/09/04 03:11:06】我到了
【2016/09/04 03:55:35】time--1473004534
【2016/09/04 03:55:35】来了
【2016/09/04 03:55:35】回复
【2016/09/04 03:55:56】time--1473004555
【2016/09/04 03:55:56】来了
【2016/09/04 03:55:56】回复
【2016/09/04 03:56:17】time--1473004576
【2016/09/04 03:56:17】来了
【2016/09/04 03:56:17】回复
【2016/09/04 03:56:24】time--1473004583
【2016/09/04 03:56:24】来了
【2016/09/04 03:56:24】回复
【2016/09/04 03:56:57】time--1473004617
【2016/09/04 03:56:57】来了
【2016/09/04 03:56:57】回复
【2016/09/04 03:57:04】time--1473004624
【2016/09/04 03:57:04】来了
【2016/09/04 03:57:04】回复
【2016/09/04 03:57:12】time--1473004631
【2016/09/04 03:57:12】来了
【2016/09/04 03:57:12】回复
【2016/09/04 03:57:18】time--1473004637
【2016/09/04 03:57:18】来了
【2016/09/04 03:57:18】回复
【2016/09/04 03:57:23】time--1473004643
【2016/09/04 03:57:23】来了
【2016/09/04 03:57:23】回复
【2016/09/04 03:59:08】time--1473004747
【2016/09/04 03:59:08】来了
【2016/09/04 03:59:08】回复
【2016/09/04 03:59:11】time--1473004750
【2016/09/04 03:59:11】来了
【2016/09/04 03:59:11】回复
【2016/09/04 04:00:46】time--1473004846
【2016/09/04 04:00:46】来了
【2016/09/04 04:00:46】回复
【2016/09/04 04:00:52】time--1473004851
【2016/09/04 04:00:52】来了
【2016/09/04 04:00:52】回复
【2016/09/04 04:01:00】time--1473004859
【2016/09/04 04:01:00】来了
【2016/09/04 04:01:00】接入
【2016/09/04 04:02:11】time--1473004930
【2016/09/04 04:02:11】来了
【2016/09/04 04:02:11】回复
【2016/09/04 04:02:16】time--1473004936
【2016/09/04 04:02:16】来了
【2016/09/04 04:02:16】回复
【2016/09/04 04:02:24】time--1473004943
【2016/09/04 04:02:24】来了
【2016/09/04 04:02:24】回复
【2016/09/05 12:15:07】time--1473034505
【2016/09/05 12:15:07】来了
【2016/09/05 12:15:07】回复
【2016/09/05 12:15:19】time--1473034517
【2016/09/05 12:15:19】来了
【2016/09/05 12:15:19】回复
【2016/09/05 12:15:32】time--1473034530
【2016/09/05 12:15:32】来了
【2016/09/05 12:15:32】回复
[#@2016/09/05 02:49:08#]------来了
[#@2016/09/05 02:49:08#]------回复
[#@2016/09/05 02:49:08#]------<xml><ToUserName><![CDATA[gh_738d4b50d9c5]]></ToUserName>
<FromUserName><![CDATA[oW6IEuF9oUP00Ja7P4LJzvFGvEmY]]></FromUserName>
<CreateTime>1473043746</CreateTime>
<MsgType><![CDATA[voice]]></MsgType>
<MediaId><![CDATA[QUVqqyLLhJ8Swb-kIWwasvfxDcKgCMb0i526SYTbwuvToVdAsEbPzc-hB1ics_bF]]></MediaId>
<Format><![CDATA[amr]]></Format>
<MsgId>6326674714647330816</MsgId>
<Recognition><![CDATA[]]></Recognition>
</xml>
[#@2016/09/05 02:49:08#]------{"on":1,"food":[]}
[#@2016/09/05 02:49:43#]------来了
[#@2016/09/05 02:49:43#]------接入
[#@2016/09/05 02:51:07#]------来了
[#@2016/09/05 02:51:07#]------回复
[#@2016/09/05 02:51:07#]------<xml><ToUserName><![CDATA[gh_738d4b50d9c5]]></ToUserName>
<FromUserName><![CDATA[oW6IEuF9oUP00Ja7P4LJzvFGvEmY]]></FromUserName>
<CreateTime>1473043855</CreateTime>
<MsgType><![CDATA[text]]></MsgType>
<Content><![CDATA[你一走]]></Content>
<MsgId>6326675183215993108</MsgId>
</xml>
[#@2016/09/05 02:51:34#]------来了
[#@2016/09/05 02:51:34#]------回复
[#@2016/09/05 02:51:34#]------<xml><ToUserName><![CDATA[gh_738d4b50d9c5]]></ToUserName>
<FromUserName><![CDATA[oW6IEuF9oUP00Ja7P4LJzvFGvEmY]]></FromUserName>
<CreateTime>1473043892</CreateTime>
<MsgType><![CDATA[voice]]></MsgType>
<MediaId><![CDATA[X3qTems0V4aTOFfBqiHUkG3n2zvZn9dMEetqmPbp1H67qMjYCD4-t-ons8R30rHR]]></MediaId>
<Format><![CDATA[amr]]></Format>
<MsgId>6326675341712556032</MsgId>
<Recognition><![CDATA[点餐。]]></Recognition>
</xml>
[#@2016/09/05 02:51:42#]------来了
[#@2016/09/05 02:51:42#]------回复
[#@2016/09/05 02:51:42#]------<xml><ToUserName><![CDATA[gh_738d4b50d9c5]]></ToUserName>
<FromUserName><![CDATA[oW6IEuF9oUP00Ja7P4LJzvFGvEmY]]></FromUserName>
<CreateTime>1473043900</CreateTime>
<MsgType><![CDATA[voice]]></MsgType>
<MediaId><![CDATA[rCQnWAzTqZGDqWNh75BvqCu0u4bByVqdSW_EQqgklHTnf7m6fRvgNiyjBl_KU4gv]]></MediaId>
<Format><![CDATA[amr]]></Format>
<MsgId>6326675376072294400</MsgId>
<Recognition><![CDATA[土豆丝。]]></Recognition>
</xml>
[#@2016/09/05 02:51:42#]------{"on":1,"food":[]}
[#@2016/09/05 02:53:00#]------来了
[#@2016/09/05 02:53:00#]------回复
[#@2016/09/05 02:53:00#]------<xml><ToUserName><![CDATA[gh_738d4b50d9c5]]></ToUserName>
<FromUserName><![CDATA[oW6IEuF9oUP00Ja7P4LJzvFGvEmY]]></FromUserName>
<CreateTime>1473043978</CreateTime>
<MsgType><![CDATA[event]]></MsgType>
<Event><![CDATA[LOCATION]]></Event>
<Latitude>31.207520</Latitude>
<Longitude>121.376862</Longitude>
<Precision>65.000000</Precision>
</xml>
[#@2016/09/05 02:53:07#]------来了
[#@2016/09/05 02:53:07#]------回复
[#@2016/09/05 02:53:07#]------<xml><ToUserName><![CDATA[gh_738d4b50d9c5]]></ToUserName>
<FromUserName><![CDATA[oW6IEuF9oUP00Ja7P4LJzvFGvEmY]]></FromUserName>
<CreateTime>1473043985</CreateTime>
<MsgType><![CDATA[voice]]></MsgType>
<MediaId><![CDATA[p0vQOgbd0jzakuli7iskS6rNww7iYUqKCQAd52gG4bIdpO25y2l4rJ9-Ue6NYjfy]]></MediaId>
<Format><![CDATA[amr]]></Format>
<MsgId>6326675741144514560</MsgId>
<Recognition><![CDATA[你见过点餐。]]></Recognition>
</xml>
[#@2016/09/05 02:53:14#]------来了
[#@2016/09/05 02:53:14#]------回复
[#@2016/09/05 02:53:14#]------<xml><ToUserName><![CDATA[gh_738d4b50d9c5]]></ToUserName>
<FromUserName><![CDATA[oW6IEuF9oUP00Ja7P4LJzvFGvEmY]]></FromUserName>
<CreateTime>1473043992</CreateTime>
<MsgType><![CDATA[voice]]></MsgType>
<MediaId><![CDATA[qNNcxxF5_e1JAfIzv_w8I_kzPxsQ1BcjnIuZOK-7Pwn6U_J5-pO6Q4DYIUjEPpRn]]></MediaId>
<Format><![CDATA[amr]]></Format>
<MsgId>6326675771209285632</MsgId>
<Recognition><![CDATA[土豆丝。]]></Recognition>
</xml>
[#@2016/09/05 02:53:14#]---报菜名---{"on":1,"food":[]}
[#@2016/09/05 02:57:07#]------来了
[#@2016/09/05 02:57:07#]------回复
[#@2016/09/05 02:57:07#]------<xml><ToUserName><![CDATA[gh_738d4b50d9c5]]></ToUserName>
<FromUserName><![CDATA[oW6IEuF9oUP00Ja7P4LJzvFGvEmY]]></FromUserName>
<CreateTime>1473044226</CreateTime>
<MsgType><![CDATA[voice]]></MsgType>
<MediaId><![CDATA[DgoL_qjbDkF2JIWnqcRXKr8vKsXKXspfrUaLGYmRE4xRW38aJ2I-ioFbqk2yxXbo]]></MediaId>
<Format><![CDATA[amr]]></Format>
<MsgId>6326676776231632896</MsgId>
<Recognition><![CDATA[土豆丝。]]></Recognition>
</xml>
[#@2016/09/05 02:57:07#]---报菜名---{"on":1,"food":[]}
[#@2016/09/05 02:57:07#]---进入循环---{"on":1,"food":[]}
[#@2016/09/05 02:57:07#]---进入循环---{"on":1,"food":[]}
[#@2016/09/05 02:57:07#]---进入循环---{"on":1,"food":[]}
[#@2016/09/05 02:57:39#]------来了
[#@2016/09/05 02:57:39#]------回复
[#@2016/09/05 02:57:39#]------<xml><ToUserName><![CDATA[gh_738d4b50d9c5]]></ToUserName>
<FromUserName><![CDATA[oW6IEuF9oUP00Ja7P4LJzvFGvEmY]]></FromUserName>
<CreateTime>1473044257</CreateTime>
<MsgType><![CDATA[voice]]></MsgType>
<MediaId><![CDATA[ecExL_BGL-COWTQ8H-vQxFl-mHz0flFcCUlrs39q4POw5ndF2ofd8-Fc1Y8mrQNW]]></MediaId>
<Format><![CDATA[amr]]></Format>
<MsgId>6326676909375619072</MsgId>
<Recognition><![CDATA[回锅肉。]]></Recognition>
</xml>
[#@2016/09/05 02:57:39#]---报菜名---{"on":1,"food":[]}
[#@2016/09/05 02:57:39#]---进入循环---{"on":1,"food":[]}
[#@2016/09/05 02:57:39#]---进入循环---{"on":1,"food":[]}
[#@2016/09/05 02:57:39#]---进入循环---{"on":1,"food":[]}
[#@2016/09/05 02:58:38#]------来了
[#@2016/09/05 02:58:38#]------回复
[#@2016/09/05 02:58:38#]------<xml><ToUserName><![CDATA[gh_738d4b50d9c5]]></ToUserName>
<FromUserName><![CDATA[oW6IEuF9oUP00Ja7P4LJzvFGvEmY]]></FromUserName>
<CreateTime>1473044316</CreateTime>
<MsgType><![CDATA[voice]]></MsgType>
<MediaId><![CDATA[7W-kjzZ8DeVgmO8eIonLhVWbVQlQcPNg0ZvHGIZZOpxftcogybRqgXt_VtGDDY-A]]></MediaId>
<Format><![CDATA[amr]]></Format>
<MsgId>6326677162778689536</MsgId>
<Recognition><![CDATA[土豆丝。]]></Recognition>
</xml>
[#@2016/09/05 02:58:38#]---报菜名---{"on":1,"food":[]}
[#@2016/09/05 02:58:38#]---进入循环---{"on":1,"food":[]}
[#@2016/09/05 02:58:38#]---进入循环---{"on":1,"food":[]}
[#@2016/09/05 02:58:38#]---进入循环---{"on":1,"food":[]}
[#@2016/09/05 03:00:08#]------来了
[#@2016/09/05 03:00:08#]------回复
[#@2016/09/05 03:00:08#]------<xml><ToUserName><![CDATA[gh_738d4b50d9c5]]></ToUserName>
<FromUserName><![CDATA[oW6IEuF9oUP00Ja7P4LJzvFGvEmY]]></FromUserName>
<CreateTime>1473044406</CreateTime>
<MsgType><![CDATA[voice]]></MsgType>
<MediaId><![CDATA[VY_YsnRTzcVLQ1WXkGq8n3mtMzTZ1ywNP9MGj0Y8wHRaum1D3T0dUxvXhD7GQOwP]]></MediaId>
<Format><![CDATA[amr]]></Format>
<MsgId>6326677549325746176</MsgId>
<Recognition><![CDATA[点餐。]]></Recognition>
</xml>
[#@2016/09/05 03:00:50#]------来了
[#@2016/09/05 03:00:50#]------回复
[#@2016/09/05 03:00:50#]------<xml><ToUserName><![CDATA[gh_738d4b50d9c5]]></ToUserName>
<FromUserName><![CDATA[oW6IEuF9oUP00Ja7P4LJzvFGvEmY]]></FromUserName>
<CreateTime>1473044448</CreateTime>
<MsgType><![CDATA[voice]]></MsgType>
<MediaId><![CDATA[VY_YsnRTzcVLQ1WXkGq8n_Lw4pNSBh5B8MWgKsFQyFTprv0l4vDyOVqepGE5qUxN]]></MediaId>
<Format><![CDATA[amr]]></Format>
<MsgId>6326677729714372608</MsgId>
<Recognition><![CDATA[点餐。]]></Recognition>
</xml>
[#@2016/09/05 03:01:00#]------来了
[#@2016/09/05 03:01:00#]------回复
[#@2016/09/05 03:01:00#]------<xml><ToUserName><![CDATA[gh_738d4b50d9c5]]></ToUserName>
<FromUserName><![CDATA[oW6IEuF9oUP00Ja7P4LJzvFGvEmY]]></FromUserName>
<CreateTime>1473044458</CreateTime>
<MsgType><![CDATA[voice]]></MsgType>
<MediaId><![CDATA[FvGw7BLAEqvWf8E_vbTyWQ43tfTOO3K7EdcgakYNlw2sEeTrWgoq6Yf1RhW2vklH]]></MediaId>
<Format><![CDATA[amr]]></Format>
<MsgId>6326677772664045568</MsgId>
<Recognition><![CDATA[土豆丝。]]></Recognition>
</xml>
[#@2016/09/05 03:01:00#]---报菜名---{"on":1,"food":"","flag":0,"order":[]}
[#@2016/09/05 03:01:00#]---进入循环---{"on":1,"food":"","flag":0,"order":[]}
[#@2016/09/05 03:01:00#]---进入循环---{"on":1,"food":"","flag":0,"order":[]}
[#@2016/09/05 03:01:00#]---进入循环---{"on":1,"food":"","flag":0,"order":[]}
[#@2016/09/05 03:35:45#]------来了
[#@2016/09/05 03:35:45#]------回复
[#@2016/09/05 03:35:45#]------<xml><ToUserName><![CDATA[gh_738d4b50d9c5]]></ToUserName>
<FromUserName><![CDATA[oW6IEuF9oUP00Ja7P4LJzvFGvEmY]]></FromUserName>
<CreateTime>1473046544</CreateTime>
<MsgType><![CDATA[voice]]></MsgType>
<MediaId><![CDATA[k1aZWhW7huaPemSXQfxgqPm3NLH-4zhFuNm4Q7hU-825dRkqE4PAIZXZ_HYZd5IV]]></MediaId>
<Format><![CDATA[amr]]></Format>
<MsgId>6326686731965825024</MsgId>
<Recognition><![CDATA[点餐。]]></Recognition>
</xml>
[#@2016/09/05 03:35:49#]------来了
[#@2016/09/05 03:35:49#]------回复
[#@2016/09/05 03:35:49#]------<xml><ToUserName><![CDATA[gh_738d4b50d9c5]]></ToUserName>
<FromUserName><![CDATA[oW6IEuF9oUP00Ja7P4LJzvFGvEmY]]></FromUserName>
<CreateTime>1473046549</CreateTime>
<MsgType><![CDATA[voice]]></MsgType>
<MediaId><![CDATA[8gE5lzpZZT5VRr8f0qfzs14PZgizgSmSNUVW2EsSxS8C564Gb2MYC6tXunTclSha]]></MediaId>
<Format><![CDATA[amr]]></Format>
<MsgId>6326686753440661504</MsgId>
<Recognition><![CDATA[土豆丝。]]></Recognition>
</xml>
[#@2016/09/05 03:35:49#]---报菜名---{"on":1,"food":"","flag":0,"order":[]}
[#@2016/09/05 03:36:05#]------来了
[#@2016/09/05 03:36:05#]------回复
[#@2016/09/05 03:36:05#]------<xml><ToUserName><![CDATA[gh_738d4b50d9c5]]></ToUserName>
<FromUserName><![CDATA[oW6IEuF9oUP00Ja7P4LJzvFGvEmY]]></FromUserName>
<CreateTime>1473046565</CreateTime>
<MsgType><![CDATA[text]]></MsgType>
<Content><![CDATA[2]]></Content>
<MsgId>6326686822577366270</MsgId>
</xml>
[#@2016/09/05 03:37:37#]------来了
[#@2016/09/05 03:37:37#]------回复
[#@2016/09/05 03:37:37#]------<xml><ToUserName><![CDATA[gh_738d4b50d9c5]]></ToUserName>
<FromUserName><![CDATA[oW6IEuF9oUP00Ja7P4LJzvFGvEmY]]></FromUserName>
<CreateTime>1473046657</CreateTime>
<MsgType><![CDATA[text]]></MsgType>
<Content><![CDATA[2]]></Content>
<MsgId>6326687217714357534</MsgId>
</xml>
[#@2016/09/05 03:37:37#]---选份数---{"on":1,"food":"","flag":0,"order":[]}
[#@2016/09/05 03:38:47#]------来了
[#@2016/09/05 03:38:47#]------回复
[#@2016/09/05 03:38:47#]------<xml><ToUserName><![CDATA[gh_738d4b50d9c5]]></ToUserName>
<FromUserName><![CDATA[oW6IEuF9oUP00Ja7P4LJzvFGvEmY]]></FromUserName>
<CreateTime>1473046727</CreateTime>
<MsgType><![CDATA[text]]></MsgType>
<Content><![CDATA[3]]></Content>
<MsgId>6326687518362068268</MsgId>
</xml>
[#@2016/09/05 03:38:47#]---选份数---{"on":1,"food":"","flag":0,"order":[]}
[#@2016/09/05 03:39:01#]------来了
[#@2016/09/05 03:39:01#]------回复
[#@2016/09/05 03:39:01#]------<xml><ToUserName><![CDATA[gh_738d4b50d9c5]]></ToUserName>
<FromUserName><![CDATA[oW6IEuF9oUP00Ja7P4LJzvFGvEmY]]></FromUserName>
<CreateTime>1473046740</CreateTime>
<MsgType><![CDATA[voice]]></MsgType>
<MediaId><![CDATA[1EpNwPq8V86tZQEcPmmNWMDkB_IoN3u9tSPIDjcuY7N6xKLk5hxep3Z9XXVrogNs]]></MediaId>
<Format><![CDATA[amr]]></Format>
<MsgId>6326687573779415040</MsgId>
<Recognition><![CDATA[土豆丝。]]></Recognition>
</xml>
[#@2016/09/05 03:39:07#]------来了
[#@2016/09/05 03:39:07#]------回复
[#@2016/09/05 03:39:07#]------<xml><ToUserName><![CDATA[gh_738d4b50d9c5]]></ToUserName>
<FromUserName><![CDATA[oW6IEuF9oUP00Ja7P4LJzvFGvEmY]]></FromUserName>
<CreateTime>1473046747</CreateTime>
<MsgType><![CDATA[text]]></MsgType>
<Content><![CDATA[3]]></Content>
<MsgId>6326687604261414194</MsgId>
</xml>
[#@2016/09/05 03:39:07#]---选份数---{"on":1,"food":"\u571f\u8c46\u4e1d","flag":1,"order":[]}
[#@2016/09/05 03:41:57#]------来了
[#@2016/09/05 03:41:57#]------回复
[#@2016/09/05 03:41:57#]------<xml><ToUserName><![CDATA[gh_738d4b50d9c5]]></ToUserName>
<FromUserName><![CDATA[oW6IEuF9oUP00Ja7P4LJzvFGvEmY]]></FromUserName>
<CreateTime>1473046916</CreateTime>
<MsgType><![CDATA[text]]></MsgType>
<Content><![CDATA[你好]]></Content>
<MsgId>6326688330110887267</MsgId>
</xml>
[#@2016/09/05 03:41:57#]---选份数---{"on":1,"food":"\u571f\u8c46\u4e1d","flag":1,"order":["\u571f\u8c46\u4e1dx3"]}
[#@2016/09/05 03:51:15#]------来了
[#@2016/09/05 03:51:15#]------回复
[#@2016/09/05 03:51:15#]------<xml><ToUserName><![CDATA[gh_738d4b50d9c5]]></ToUserName>
<FromUserName><![CDATA[oW6IEuF9oUP00Ja7P4LJzvFGvEmY]]></FromUserName>
<CreateTime>1473047475</CreateTime>
<MsgType><![CDATA[voice]]></MsgType>
<MediaId><![CDATA[IVBR6SIfb3RxpBQEFwo7vytwiOENrxrr7X4F8puuCxJNjsJa5XNIwMAh6GOA671b]]></MediaId>
<Format><![CDATA[amr]]></Format>
<MsgId>6326690730580377600</MsgId>
<Recognition><![CDATA[点餐。]]></Recognition>
</xml>
[#@2016/09/05 03:51:27#]------来了
[#@2016/09/05 03:51:27#]------回复
[#@2016/09/05 03:51:27#]------<xml><ToUserName><![CDATA[gh_738d4b50d9c5]]></ToUserName>
<FromUserName><![CDATA[oW6IEuF9oUP00Ja7P4LJzvFGvEmY]]></FromUserName>
<CreateTime>1473047486</CreateTime>
<MsgType><![CDATA[voice]]></MsgType>
<MediaId><![CDATA[rGmmjCjBuFCWQrUWAuA3IsPWhOLCjAeix8KIyk8niCfX6Vf8yeKfIQBgEYNavRLu]]></MediaId>
<Format><![CDATA[amr]]></Format>
<MsgId>6326690777825017856</MsgId>
<Recognition><![CDATA[土豆丝。]]></Recognition>
</xml>
[#@2016/09/05 03:51:37#]------来了
[#@2016/09/05 03:51:37#]------回复
[#@2016/09/05 03:51:37#]------<xml><ToUserName><![CDATA[gh_738d4b50d9c5]]></ToUserName>
<FromUserName><![CDATA[oW6IEuF9oUP00Ja7P4LJzvFGvEmY]]></FromUserName>
<CreateTime>1473047496</CreateTime>
<MsgType><![CDATA[text]]></MsgType>
<Content><![CDATA[3]]></Content>
<MsgId>6326690821191919159</MsgId>
</xml>
[#@2016/09/05 03:51:37#]---选份数---{"on":1,"food":"\u571f\u8c46\u4e1d","flag":1,"order":["\u571f\u8c46\u4e1dx3"]}
[#@2016/09/05 03:51:37#]---输入几---3
[#@2016/09/05 03:56:22#]------来了
[#@2016/09/05 03:56:22#]------回复
[#@2016/09/05 03:56:22#]------<xml><ToUserName><![CDATA[gh_738d4b50d9c5]]></ToUserName>
<FromUserName><![CDATA[oW6IEuF9oUP00Ja7P4LJzvFGvEmY]]></FromUserName>
<CreateTime>1473047781</CreateTime>
<MsgType><![CDATA[voice]]></MsgType>
<MediaId><![CDATA[qmHmP3Xe3XJupxf9uhlMaJ8MR9r6bJtH_A1t2qpu7pB_qS0UFrn8Onzwx0qlJEpP]]></MediaId>
<Format><![CDATA[amr]]></Format>
<MsgId>6326692044840370176</MsgId>
<Recognition><![CDATA[土豆丝。]]></Recognition>
</xml>
[#@2016/09/05 03:56:27#]------来了
[#@2016/09/05 03:56:27#]------回复
[#@2016/09/05 03:56:27#]------<xml><ToUserName><![CDATA[gh_738d4b50d9c5]]></ToUserName>
<FromUserName><![CDATA[oW6IEuF9oUP00Ja7P4LJzvFGvEmY]]></FromUserName>
<CreateTime>1473047786</CreateTime>
<MsgType><![CDATA[text]]></MsgType>
<Content><![CDATA[1]]></Content>
<MsgId>6326692066732435043</MsgId>
</xml>
[#@2016/09/05 03:56:27#]---选份数---{"on":1,"food":"\u571f\u8c46\u4e1d","flag":1,"order":["\u571f\u8c46\u4e1dx3","\u571f\u8c46\u4e1dx3"]}
[#@2016/09/05 03:56:27#]---输入几---1
[#@2016/09/05 03:56:27#]---点好了---{"on":1,"food":"\u571f\u8c46\u4e1d","flag":1,"order":["\u571f\u8c46\u4e1dx3","\u571f\u8c46\u4e1dx3","\u571f\u8c46\u4e1dx1"]}
[#@2016/09/05 03:56:27#]------有的
[#@2016/09/05 03:57:47#]------来了
[#@2016/09/05 03:57:47#]------回复
[#@2016/09/05 03:57:47#]------<xml><ToUserName><![CDATA[gh_738d4b50d9c5]]></ToUserName>
<FromUserName><![CDATA[oW6IEuF9oUP00Ja7P4LJzvFGvEmY]]></FromUserName>
<CreateTime>1473047866</CreateTime>
<MsgType><![CDATA[text]]></MsgType>
<Content><![CDATA[1]]></Content>
<MsgId>6326692410329818744</MsgId>
</xml>
[#@2016/09/05 03:57:47#]---选份数---{"on":1,"food":"\u571f\u8c46\u4e1d","flag":1,"order":["\u571f\u8c46\u4e1dx3","\u571f\u8c46\u4e1dx3","\u571f\u8c46\u4e1dx1"]}
[#@2016/09/05 03:57:47#]---点好了---{"on":1,"food":"\u571f\u8c46\u4e1d","flag":1,"order":["\u571f\u8c46\u4e1dx3","\u571f\u8c46\u4e1dx3","\u571f\u8c46\u4e1dx1","\u571f\u8c46\u4e1dx1"]}
[#@2016/09/05 03:57:47#]------有的
[#@2016/09/05 03:57:47#]---订单字符串---土豆丝x3 
 土豆丝x3 
 土豆丝x1 
 土豆丝x1
[#@2016/09/05 03:58:24#]------来了
[#@2016/09/05 03:58:24#]------回复
[#@2016/09/05 03:58:24#]------<xml><ToUserName><![CDATA[gh_738d4b50d9c5]]></ToUserName>
<FromUserName><![CDATA[oW6IEuF9oUP00Ja7P4LJzvFGvEmY]]></FromUserName>
<CreateTime>1473047903</CreateTime>
<MsgType><![CDATA[voice]]></MsgType>
<MediaId><![CDATA[IIDId2nxY7V_6Lb0O6YHw-hA5BwZK9KcFRHX-RJbyDJnPOHMkipqDz9iJmNsSCmZ]]></MediaId>
<Format><![CDATA[amr]]></Format>
<MsgId>6326692568826380288</MsgId>
<Recognition><![CDATA[土豆丝。]]></Recognition>
</xml>
[#@2016/09/05 03:58:29#]------来了
[#@2016/09/05 03:58:29#]------回复
[#@2016/09/05 03:58:29#]------<xml><ToUserName><![CDATA[gh_738d4b50d9c5]]></ToUserName>
<FromUserName><![CDATA[oW6IEuF9oUP00Ja7P4LJzvFGvEmY]]></FromUserName>
<CreateTime>1473047909</CreateTime>
<MsgType><![CDATA[text]]></MsgType>
<Content><![CDATA[0]]></Content>
<MsgId>6326692595013412482</MsgId>
</xml>
[#@2016/09/05 03:58:29#]---选份数---{"on":1,"food":"\u571f\u8c46\u4e1d","flag":1,"order":["\u571f\u8c46\u4e1dx3","\u571f\u8c46\u4e1dx3","\u571f\u8c46\u4e1dx1","\u571f\u8c46\u4e1dx1"]}
[#@2016/09/05 03:58:29#]------有的
[#@2016/09/05 03:58:29#]---订单字符串---土豆丝x3 
 土豆丝x3 
 土豆丝x1 
 土豆丝x1
[#@2016/09/05 03:58:40#]------来了
[#@2016/09/05 03:58:40#]------回复
[#@2016/09/05 03:58:40#]------<xml><ToUserName><![CDATA[gh_738d4b50d9c5]]></ToUserName>
<FromUserName><![CDATA[oW6IEuF9oUP00Ja7P4LJzvFGvEmY]]></FromUserName>
<CreateTime>1473047920</CreateTime>
<MsgType><![CDATA[voice]]></MsgType>
<MediaId><![CDATA[bZwYGIzhX_s6L046osT8FaoRINtCzwOD9CUk80WXYfZ6c_lz-Ek3pnoNCPv-1ArF]]></MediaId>
<Format><![CDATA[amr]]></Format>
<MsgId>6326692641840824320</MsgId>
<Recognition><![CDATA[回锅肉。]]></Recognition>
</xml>
[#@2016/09/05 03:58:48#]------来了
[#@2016/09/05 03:58:48#]------回复
[#@2016/09/05 03:58:48#]------<xml><ToUserName><![CDATA[gh_738d4b50d9c5]]></ToUserName>
<FromUserName><![CDATA[oW6IEuF9oUP00Ja7P4LJzvFGvEmY]]></FromUserName>
<CreateTime>1473047928</CreateTime>
<MsgType><![CDATA[text]]></MsgType>
<Content><![CDATA[我呢]]></Content>
<MsgId>6326692676617791113</MsgId>
</xml>
[#@2016/09/05 03:58:48#]---选份数---{"on":1,"food":"\u56de\u9505\u8089","flag":1,"order":["\u571f\u8c46\u4e1dx3","\u571f\u8c46\u4e1dx3","\u571f\u8c46\u4e1dx1","\u571f\u8c46\u4e1dx1"]}
[#@2016/09/05 03:58:48#]------有的
[#@2016/09/05 03:58:48#]---订单字符串---土豆丝x3 
 土豆丝x3 
 土豆丝x1 
 土豆丝x1
[#@2016/09/05 03:58:54#]------来了
[#@2016/09/05 03:58:54#]------回复
[#@2016/09/05 03:58:54#]------<xml><ToUserName><![CDATA[gh_738d4b50d9c5]]></ToUserName>
<FromUserName><![CDATA[oW6IEuF9oUP00Ja7P4LJzvFGvEmY]]></FromUserName>
<CreateTime>1473047934</CreateTime>
<MsgType><![CDATA[text]]></MsgType>
<Content><![CDATA[3]]></Content>
<MsgId>6326692702387594892</MsgId>
</xml>
[#@2016/09/05 03:59:05#]------来了
[#@2016/09/05 03:59:05#]------回复
[#@2016/09/05 03:59:05#]------<xml><ToUserName><![CDATA[gh_738d4b50d9c5]]></ToUserName>
<FromUserName><![CDATA[oW6IEuF9oUP00Ja7P4LJzvFGvEmY]]></FromUserName>
<CreateTime>1473047945</CreateTime>
<MsgType><![CDATA[voice]]></MsgType>
<MediaId><![CDATA[9_93KvBKnmjTzwzLRL4y6Mm6JckV8vGeTSxZAgVc0Op-VBHOq7FNFrbouc_jGL04]]></MediaId>
<Format><![CDATA[amr]]></Format>
<MsgId>6326692749215006720</MsgId>
<Recognition><![CDATA[回锅肉。]]></Recognition>
</xml>
[#@2016/09/05 03:59:12#]------来了
[#@2016/09/05 03:59:12#]------回复
[#@2016/09/05 03:59:12#]------<xml><ToUserName><![CDATA[gh_738d4b50d9c5]]></ToUserName>
<FromUserName><![CDATA[oW6IEuF9oUP00Ja7P4LJzvFGvEmY]]></FromUserName>
<CreateTime>1473047951</CreateTime>
<MsgType><![CDATA[text]]></MsgType>
<Content><![CDATA[2]]></Content>
<MsgId>6326692775402038952</MsgId>
</xml>
[#@2016/09/05 03:59:12#]---选份数---{"on":1,"food":"\u56de\u9505\u8089","flag":1,"order":["\u571f\u8c46\u4e1dx3","\u571f\u8c46\u4e1dx3","\u571f\u8c46\u4e1dx1","\u571f\u8c46\u4e1dx1"]}
[#@2016/09/05 03:59:12#]---点好了---{"on":1,"food":"\u56de\u9505\u8089","flag":1,"order":["\u571f\u8c46\u4e1dx3","\u571f\u8c46\u4e1dx3","\u571f\u8c46\u4e1dx1","\u571f\u8c46\u4e1dx1","\u56de\u9505\u8089x2"]}
[#@2016/09/05 03:59:12#]------有的
[#@2016/09/05 03:59:12#]---订单字符串---土豆丝x3 
 土豆丝x3 
 土豆丝x1 
 土豆丝x1 
 回锅肉x2
[#@2016/09/05 03:59:38#]------来了
[#@2016/09/05 03:59:38#]------回复
[#@2016/09/05 03:59:38#]------<xml><ToUserName><![CDATA[gh_738d4b50d9c5]]></ToUserName>
<FromUserName><![CDATA[oW6IEuF9oUP00Ja7P4LJzvFGvEmY]]></FromUserName>
<CreateTime>1473047978</CreateTime>
<MsgType><![CDATA[event]]></MsgType>
<Event><![CDATA[LOCATION]]></Event>
<Latitude>31.207466</Latitude>
<Longitude>121.376755</Longitude>
<Precision>65.000000</Precision>
</xml>
[#@2016/09/05 03:59:43#]------来了
[#@2016/09/05 03:59:43#]------回复
[#@2016/09/05 03:59:43#]------<xml><ToUserName><![CDATA[gh_738d4b50d9c5]]></ToUserName>
<FromUserName><![CDATA[oW6IEuF9oUP00Ja7P4LJzvFGvEmY]]></FromUserName>
<CreateTime>1473047982</CreateTime>
<MsgType><![CDATA[voice]]></MsgType>
<MediaId><![CDATA[qQTmQTw8pbiuNzwR47zFX6rA2igHC4TiLVCQUhDOv2zvlZPxBuPij2wV4fNn4cKv]]></MediaId>
<Format><![CDATA[amr]]></Format>
<MsgId>6326692908128796672</MsgId>
<Recognition><![CDATA[点餐。]]></Recognition>
</xml>
[#@2016/09/05 04:01:48#]------来了
[#@2016/09/05 04:01:48#]------回复
[#@2016/09/05 04:01:48#]------<xml><ToUserName><![CDATA[gh_738d4b50d9c5]]></ToUserName>
<FromUserName><![CDATA[oW6IEuF9oUP00Ja7P4LJzvFGvEmY]]></FromUserName>
<CreateTime>1473048108</CreateTime>
<MsgType><![CDATA[event]]></MsgType>
<Event><![CDATA[unsubscribe]]></Event>
<EventKey><![CDATA[]]></EventKey>
</xml>
[#@2016/09/05 04:02:03#]------来了
[#@2016/09/05 04:02:03#]------回复
[#@2016/09/05 04:02:03#]------<xml><ToUserName><![CDATA[gh_738d4b50d9c5]]></ToUserName>
<FromUserName><![CDATA[oW6IEuF9oUP00Ja7P4LJzvFGvEmY]]></FromUserName>
<CreateTime>1473048123</CreateTime>
<MsgType><![CDATA[event]]></MsgType>
<Event><![CDATA[subscribe]]></Event>
<EventKey><![CDATA[]]></EventKey>
</xml>
[#@2016/09/05 04:02:14#]------来了
[#@2016/09/05 04:02:14#]------回复
[#@2016/09/05 04:02:14#]------<xml><ToUserName><![CDATA[gh_738d4b50d9c5]]></ToUserName>
<FromUserName><![CDATA[oW6IEuF9oUP00Ja7P4LJzvFGvEmY]]></FromUserName>
<CreateTime>1473048134</CreateTime>
<MsgType><![CDATA[voice]]></MsgType>
<MediaId><![CDATA[KWdfGsc6v6rx6hRWqXAj4bk9K0ZRBgxcfxwAq1K5OKlbMd_Tysjbd6Za8WpxmmuM]]></MediaId>
<Format><![CDATA[amr]]></Format>
<MsgId>6326693560963825664</MsgId>
<Recognition><![CDATA[点餐。]]></Recognition>
</xml>
[#@2016/09/05 04:02:38#]------来了
[#@2016/09/05 04:02:38#]------回复
[#@2016/09/05 04:02:38#]------<xml><ToUserName><![CDATA[gh_738d4b50d9c5]]></ToUserName>
<FromUserName><![CDATA[oW6IEuF9oUP00Ja7P4LJzvFGvEmY]]></FromUserName>
<CreateTime>1473048158</CreateTime>
<MsgType><![CDATA[voice]]></MsgType>
<MediaId><![CDATA[vRzQT59QiwBn6r3FCuhJBNyYrXDL1m416Lxuhq8qTunxFUASSZgiXPdi50jjCNG5]]></MediaId>
<Format><![CDATA[amr]]></Format>
<MsgId>6326693664043040768</MsgId>
<Recognition><![CDATA[红烧肉。]]></Recognition>
</xml>
[#@2016/09/05 04:02:48#]------来了
[#@2016/09/05 04:02:48#]------回复
[#@2016/09/05 04:02:48#]------<xml><ToUserName><![CDATA[gh_738d4b50d9c5]]></ToUserName>
<FromUserName><![CDATA[oW6IEuF9oUP00Ja7P4LJzvFGvEmY]]></FromUserName>
<CreateTime>1473048167</CreateTime>
<MsgType><![CDATA[voice]]></MsgType>
<MediaId><![CDATA[Uy8F9gql0lu5hm0eEsCZZsvdpcLFuh3yk6998I_QyLeCChR2t96sYDDbZfGp_G9P]]></MediaId>
<Format><![CDATA[amr]]></Format>
<MsgId>6326693702697746432</MsgId>
<Recognition><![CDATA[西红柿炒鸡蛋。]]></Recognition>
</xml>
[#@2016/09/05 04:03:00#]------来了
[#@2016/09/05 04:03:00#]------回复
[#@2016/09/05 04:03:00#]------<xml><ToUserName><![CDATA[gh_738d4b50d9c5]]></ToUserName>
<FromUserName><![CDATA[oW6IEuF9oUP00Ja7P4LJzvFGvEmY]]></FromUserName>
<CreateTime>1473048179</CreateTime>
<MsgType><![CDATA[text]]></MsgType>
<Content><![CDATA[0]]></Content>
<MsgId>6326693754654582497</MsgId>
</xml>
[#@2016/09/05 04:03:00#]---选份数---{"on":1,"food":"\u897f\u7ea2\u67ff\u7092\u9e21\u86cb","flag":1,"order":["\u571f\u8c46\u4e1dx3","\u571f\u8c46\u4e1dx3","\u571f\u8c46\u4e1dx1","\u571f\u8c46\u4e1dx1","\u56de\u9505\u8089x2"]}
[#@2016/09/05 04:03:00#]------有的
[#@2016/09/05 04:03:00#]---订单字符串---土豆丝x3 
 土豆丝x3 
 土豆丝x1 
 土豆丝x1 
 回锅肉x2
[#@2016/09/05 04:03:48#]------来了
[#@2016/09/05 04:03:48#]------回复
[#@2016/09/05 04:03:48#]------<xml><ToUserName><![CDATA[gh_738d4b50d9c5]]></ToUserName>
<FromUserName><![CDATA[oW6IEuF9oUP00Ja7P4LJzvFGvEmY]]></FromUserName>
<CreateTime>1473048228</CreateTime>
<MsgType><![CDATA[voice]]></MsgType>
<MediaId><![CDATA[tceG1hy4uxUZ4FxlWSJrgXwy9W1YDt3zgSU6hYCdTl8IVnsKH4ktTQsReE-bT0gF]]></MediaId>
<Format><![CDATA[amr]]></Format>
<MsgId>6326693964690751488</MsgId>
<Recognition><![CDATA[西红柿炒鸡蛋。]]></Recognition>
</xml>
[#@2016/09/05 04:03:57#]------来了
[#@2016/09/05 04:03:57#]------回复
[#@2016/09/05 04:03:57#]------<xml><ToUserName><![CDATA[gh_738d4b50d9c5]]></ToUserName>
<FromUserName><![CDATA[oW6IEuF9oUP00Ja7P4LJzvFGvEmY]]></FromUserName>
<CreateTime>1473048237</CreateTime>
<MsgType><![CDATA[voice]]></MsgType>
<MediaId><![CDATA[0yLIXdo7WUsNpLp7mzJVAtt9lICH5PjJ4c8Amgu90mnWpGhiqD9tQ2UxBikFMxQK]]></MediaId>
<Format><![CDATA[amr]]></Format>
<MsgId>6326694003345457152</MsgId>
<Recognition><![CDATA[嗯。]]></Recognition>
</xml>
[#@2016/09/05 04:04:10#]------来了
[#@2016/09/05 04:04:10#]------回复
[#@2016/09/05 04:04:10#]------<xml><ToUserName><![CDATA[gh_738d4b50d9c5]]></ToUserName>
<FromUserName><![CDATA[oW6IEuF9oUP00Ja7P4LJzvFGvEmY]]></FromUserName>
<CreateTime>1473048250</CreateTime>
<MsgType><![CDATA[text]]></MsgType>
<Content><![CDATA[1]]></Content>
<MsgId>6326694059597260533</MsgId>
</xml>
[#@2016/09/05 04:04:10#]---选份数---{"on":1,"food":"\u897f\u7ea2\u67ff\u7092\u9e21\u86cb","flag":1,"order":["\u571f\u8c46\u4e1dx3","\u571f\u8c46\u4e1dx3","\u571f\u8c46\u4e1dx1","\u571f\u8c46\u4e1dx1","\u56de\u9505\u8089x2"]}
[#@2016/09/05 04:04:10#]---点好了---{"on":1,"food":"\u897f\u7ea2\u67ff\u7092\u9e21\u86cb","flag":1,"order":["\u571f\u8c46\u4e1dx3","\u571f\u8c46\u4e1dx3","\u571f\u8c46\u4e1dx1","\u571f\u8c46\u4e1dx1","\u56de\u9505\u8089x2","\u897f\u7ea2\u67ff\u7092\u9e21\u86cbx1"]}
[#@2016/09/05 04:04:10#]------有的
[#@2016/09/05 04:04:10#]---订单字符串---土豆丝x3 
 土豆丝x3 
 土豆丝x1 
 土豆丝x1 
 回锅肉x2 
 西红柿炒鸡蛋x1
[#@2016/09/05 04:05:05#]------来了
[#@2016/09/05 04:05:05#]------回复
[#@2016/09/05 04:05:05#]------<xml><ToUserName><![CDATA[gh_738d4b50d9c5]]></ToUserName>
<FromUserName><![CDATA[oW6IEuF9oUP00Ja7P4LJzvFGvEmY]]></FromUserName>
<CreateTime>1473048304</CreateTime>
<MsgType><![CDATA[voice]]></MsgType>
<MediaId><![CDATA[Q_V79rA2B1e1PI4VXKKXqlVAUWnAS30_b9kiYVq4td-SZmB3yRIL0LH-86YoNzqx]]></MediaId>
<Format><![CDATA[amr]]></Format>
<MsgId>6326694291108265984</MsgId>
<Recognition><![CDATA[嗯。]]></Recognition>
</xml>
[#@2016/09/05 04:05:13#]------来了
[#@2016/09/05 04:05:13#]------回复
[#@2016/09/05 04:05:13#]------<xml><ToUserName><![CDATA[gh_738d4b50d9c5]]></ToUserName>
<FromUserName><![CDATA[oW6IEuF9oUP00Ja7P4LJzvFGvEmY]]></FromUserName>
<CreateTime>1473048312</CreateTime>
<MsgType><![CDATA[text]]></MsgType>
<Content><![CDATA[1]]></Content>
<MsgId>6326694325885232895</MsgId>
</xml>
[#@2016/09/05 04:05:34#]------来了
[#@2016/09/05 04:05:34#]------回复
[#@2016/09/05 04:05:34#]------<xml><ToUserName><![CDATA[gh_738d4b50d9c5]]></ToUserName>
<FromUserName><![CDATA[oW6IEuF9oUP00Ja7P4LJzvFGvEmY]]></FromUserName>
<CreateTime>1473048334</CreateTime>
<MsgType><![CDATA[voice]]></MsgType>
<MediaId><![CDATA[5eIhYVpa9D-9sWQcGFu-3UozMuvpwEDz3atizMR_v38u5xLjI-URCsIXcU9sQSSg]]></MediaId>
<Format><![CDATA[amr]]></Format>
<MsgId>6326694419957284864</MsgId>
<Recognition><![CDATA[西红柿炒鸡蛋。]]></Recognition>
</xml>
[#@2016/09/05 04:05:39#]------来了
[#@2016/09/05 04:05:39#]------回复
[#@2016/09/05 04:05:39#]------<xml><ToUserName><![CDATA[gh_738d4b50d9c5]]></ToUserName>
<FromUserName><![CDATA[oW6IEuF9oUP00Ja7P4LJzvFGvEmY]]></FromUserName>
<CreateTime>1473048338</CreateTime>
<MsgType><![CDATA[voice]]></MsgType>
<MediaId><![CDATA[GXnCOrgBwwCfDDSmIDTrhTSx9r4se4GoraqwxR3kvlR8N9oMXhQ24VfgYif_Y4AU]]></MediaId>
<Format><![CDATA[amr]]></Format>
<MsgId>6326694437137154048</MsgId>
<Recognition><![CDATA[嗯。]]></Recognition>
</xml>
[#@2016/09/05 04:05:44#]------来了
[#@2016/09/05 04:05:44#]------回复
[#@2016/09/05 04:05:44#]------<xml><ToUserName><![CDATA[gh_738d4b50d9c5]]></ToUserName>
<FromUserName><![CDATA[oW6IEuF9oUP00Ja7P4LJzvFGvEmY]]></FromUserName>
<CreateTime>1473048343</CreateTime>
<MsgType><![CDATA[text]]></MsgType>
<Content><![CDATA[1]]></Content>
<MsgId>6326694459029219084</MsgId>
</xml>
[#@2016/09/05 04:05:50#]------来了
[#@2016/09/05 04:05:50#]------回复
[#@2016/09/05 04:05:50#]------<xml><ToUserName><![CDATA[gh_738d4b50d9c5]]></ToUserName>
<FromUserName><![CDATA[oW6IEuF9oUP00Ja7P4LJzvFGvEmY]]></FromUserName>
<CreateTime>1473048349</CreateTime>
<MsgType><![CDATA[voice]]></MsgType>
<MediaId><![CDATA[zQxqggy0-nCrAQSuTaqsxImZkNqigbj4o8gxpjHT9EKegWqHgGPmEbHoTGN7O_Ar]]></MediaId>
<Format><![CDATA[amr]]></Format>
<MsgId>6326694484381794304</MsgId>
<Recognition><![CDATA[西红柿炒鸡蛋。]]></Recognition>
</xml>
[#@2016/09/05 04:05:55#]------来了
[#@2016/09/05 04:05:55#]------回复
[#@2016/09/05 04:05:55#]------<xml><ToUserName><![CDATA[gh_738d4b50d9c5]]></ToUserName>
<FromUserName><![CDATA[oW6IEuF9oUP00Ja7P4LJzvFGvEmY]]></FromUserName>
<CreateTime>1473048354</CreateTime>
<MsgType><![CDATA[text]]></MsgType>
<Content><![CDATA[心口]]></Content>
<MsgId>6326694506273859344</MsgId>
</xml>
[#@2016/09/05 04:05:55#]---选份数---{"on":1,"food":"\u897f\u7ea2\u67ff\u7092\u9e21\u86cb","flag":1,"order":["\u571f\u8c46\u4e1dx3","\u571f\u8c46\u4e1dx3","\u571f\u8c46\u4e1dx1","\u571f\u8c46\u4e1dx1","\u56de\u9505\u8089x2","\u897f\u7ea2\u67ff\u7092\u9e21\u86cbx1"]}
[#@2016/09/05 04:05:55#]------有的
[#@2016/09/05 04:05:55#]---订单字符串---土豆丝x3 
 土豆丝x3 
 土豆丝x1 
 土豆丝x1 
 回锅肉x2 
 西红柿炒鸡蛋x1
[#@2016/09/05 04:06:00#]------来了
[#@2016/09/05 04:06:00#]------回复
[#@2016/09/05 04:06:00#]------<xml><ToUserName><![CDATA[gh_738d4b50d9c5]]></ToUserName>
<FromUserName><![CDATA[oW6IEuF9oUP00Ja7P4LJzvFGvEmY]]></FromUserName>
<CreateTime>1473048359</CreateTime>
<MsgType><![CDATA[text]]></MsgType>
<Content><![CDATA[1]]></Content>
<MsgId>6326694527748695826</MsgId>
</xml>
[#@2016/09/05 04:06:06#]------来了
[#@2016/09/05 04:06:06#]------回复
[#@2016/09/05 04:06:06#]------<xml><ToUserName><![CDATA[gh_738d4b50d9c5]]></ToUserName>
<FromUserName><![CDATA[oW6IEuF9oUP00Ja7P4LJzvFGvEmY]]></FromUserName>
<CreateTime>1473048365</CreateTime>
<MsgType><![CDATA[voice]]></MsgType>
<MediaId><![CDATA[sAABvpjnK501bnMdF9MF6qntbjYbO45ceYugxcxAenLO0jLneTvg1f3QIAq6X9fx]]></MediaId>
<Format><![CDATA[amr]]></Format>
<MsgId>6326694553101271040</MsgId>
<Recognition><![CDATA[西红柿炒鸡蛋。]]></Recognition>
</xml>
[#@2016/09/05 04:06:11#]------来了
[#@2016/09/05 04:06:11#]------回复
[#@2016/09/05 04:06:11#]------<xml><ToUserName><![CDATA[gh_738d4b50d9c5]]></ToUserName>
<FromUserName><![CDATA[oW6IEuF9oUP00Ja7P4LJzvFGvEmY]]></FromUserName>
<CreateTime>1473048370</CreateTime>
<MsgType><![CDATA[text]]></MsgType>
<Content><![CDATA[0]]></Content>
<MsgId>6326694574993336086</MsgId>
</xml>
[#@2016/09/05 04:06:11#]---选份数---{"on":1,"food":"\u897f\u7ea2\u67ff\u7092\u9e21\u86cb","flag":1,"order":["\u571f\u8c46\u4e1dx3","\u571f\u8c46\u4e1dx3","\u571f\u8c46\u4e1dx1","\u571f\u8c46\u4e1dx1","\u56de\u9505\u8089x2","\u897f\u7ea2\u67ff\u7092\u9e21\u86cbx1"]}
[#@2016/09/05 04:06:11#]------有的
[#@2016/09/05 04:06:11#]---订单字符串---土豆丝x3 
 土豆丝x3 
 土豆丝x1 
 土豆丝x1 
 回锅肉x2 
 西红柿炒鸡蛋x1
[#@2016/09/05 04:06:23#]------来了
[#@2016/09/05 04:06:23#]------回复
[#@2016/09/05 04:06:23#]------<xml><ToUserName><![CDATA[gh_738d4b50d9c5]]></ToUserName>
<FromUserName><![CDATA[oW6IEuF9oUP00Ja7P4LJzvFGvEmY]]></FromUserName>
<CreateTime>1473048383</CreateTime>
<MsgType><![CDATA[voice]]></MsgType>
<MediaId><![CDATA[07HHfAc6gundbdVo6Ml-B-DGsAkNBPe4ho48lEjECRCXR8AzJFU5zIHZTi6T-VTj]]></MediaId>
<Format><![CDATA[amr]]></Format>
<MsgId>6326694630410682368</MsgId>
<Recognition><![CDATA[西红柿炒鸡蛋。]]></Recognition>
</xml>
[#@2016/09/05 04:06:28#]------来了
[#@2016/09/05 04:06:28#]------回复
[#@2016/09/05 04:06:28#]------<xml><ToUserName><![CDATA[gh_738d4b50d9c5]]></ToUserName>
<FromUserName><![CDATA[oW6IEuF9oUP00Ja7P4LJzvFGvEmY]]></FromUserName>
<CreateTime>1473048388</CreateTime>
<MsgType><![CDATA[text]]></MsgType>
<Content><![CDATA[3]]></Content>
<MsgId>6326694652302747419</MsgId>
</xml>
[#@2016/09/05 04:06:28#]---选份数---{"on":1,"food":"\u897f\u7ea2\u67ff\u7092\u9e21\u86cb","flag":1,"order":["\u571f\u8c46\u4e1dx3","\u571f\u8c46\u4e1dx3","\u571f\u8c46\u4e1dx1","\u571f\u8c46\u4e1dx1","\u56de\u9505\u8089x2","\u897f\u7ea2\u67ff\u7092\u9e21\u86cbx1"]}
[#@2016/09/05 04:06:28#]---点好了---{"on":1,"food":"\u897f\u7ea2\u67ff\u7092\u9e21\u86cb","flag":1,"order":["\u571f\u8c46\u4e1dx3","\u571f\u8c46\u4e1dx3","\u571f\u8c46\u4e1dx1","\u571f\u8c46\u4e1dx1","\u56de\u9505\u8089x2","\u897f\u7ea2\u67ff\u7092\u9e21\u86cbx1","\u897f\u7ea2\u67ff\u7092\u9e21\u86cbx3"]}
[#@2016/09/05 04:06:28#]------有的
[#@2016/09/05 04:06:28#]---订单字符串---土豆丝x3 
 土豆丝x3 
 土豆丝x1 
 土豆丝x1 
 回锅肉x2 
 西红柿炒鸡蛋x1 
 西红柿炒鸡蛋x3
[#@2016/09/05 04:07:14#]------来了
[#@2016/09/05 04:07:14#]------回复
[#@2016/09/05 04:07:14#]------<xml><ToUserName><![CDATA[gh_738d4b50d9c5]]></ToUserName>
<FromUserName><![CDATA[oW6IEuBQHqToS5pzzqqpNR7J1V0I]]></FromUserName>
<CreateTime>1473048433</CreateTime>
<MsgType><![CDATA[event]]></MsgType>
<Event><![CDATA[subscribe]]></Event>
<EventKey><![CDATA[]]></EventKey>
</xml>
[#@2016/09/05 04:07:16#]------来了
[#@2016/09/05 04:07:16#]------回复
[#@2016/09/05 04:07:16#]------<xml><ToUserName><![CDATA[gh_738d4b50d9c5]]></ToUserName>
<FromUserName><![CDATA[oW6IEuBQHqToS5pzzqqpNR7J1V0I]]></FromUserName>
<CreateTime>1473048436</CreateTime>
<MsgType><![CDATA[event]]></MsgType>
<Event><![CDATA[LOCATION]]></Event>
<Latitude>31.224915</Latitude>
<Longitude>121.355392</Longitude>
<Precision>76.827148</Precision>
</xml>
[#@2016/09/05 04:07:22#]------来了
[#@2016/09/05 04:07:22#]------回复
[#@2016/09/05 04:07:22#]------<xml><ToUserName><![CDATA[gh_738d4b50d9c5]]></ToUserName>
<FromUserName><![CDATA[oW6IEuBQHqToS5pzzqqpNR7J1V0I]]></FromUserName>
<CreateTime>1473048441</CreateTime>
<MsgType><![CDATA[text]]></MsgType>
<Content><![CDATA[点餐]]></Content>
<MsgId>6326694879936014114</MsgId>
</xml>
[#@2016/09/05 04:07:36#]------来了
[#@2016/09/05 04:07:36#]------回复
[#@2016/09/05 04:07:36#]------<xml><ToUserName><![CDATA[gh_738d4b50d9c5]]></ToUserName>
<FromUserName><![CDATA[oW6IEuBQHqToS5pzzqqpNR7J1V0I]]></FromUserName>
<CreateTime>1473048456</CreateTime>
<MsgType><![CDATA[voice]]></MsgType>
<MediaId><![CDATA[oSizt3h9xy7Gri7RhPFWb5wvpE99ZYPGBGpAzql-VJ9S8VpXCrE_zAkgwaDBbej4]]></MediaId>
<Format><![CDATA[amr]]></Format>
<MsgId>6326694943943294976</MsgId>
<Recognition><![CDATA[点餐。]]></Recognition>
</xml>
[#@2016/09/05 04:07:46#]------来了
[#@2016/09/05 04:07:46#]------回复
[#@2016/09/05 04:07:46#]------<xml><ToUserName><![CDATA[gh_738d4b50d9c5]]></ToUserName>
<FromUserName><![CDATA[oW6IEuBQHqToS5pzzqqpNR7J1V0I]]></FromUserName>
<CreateTime>1473048466</CreateTime>
<MsgType><![CDATA[voice]]></MsgType>
<MediaId><![CDATA[qp7DOmN9QOb0kH5_wuwzRVx4-Vrk79qCmUMGA3X1l25SRx0N0ULWDUPi9Ownw68e]]></MediaId>
<Format><![CDATA[amr]]></Format>
<MsgId>6326694986892967936</MsgId>
<Recognition><![CDATA[嗯，农家小炒肉。]]></Recognition>
</xml>
[#@2016/09/05 04:08:03#]------来了
[#@2016/09/05 04:08:03#]------回复
[#@2016/09/05 04:08:03#]------<xml><ToUserName><![CDATA[gh_738d4b50d9c5]]></ToUserName>
<FromUserName><![CDATA[oW6IEuBQHqToS5pzzqqpNR7J1V0I]]></FromUserName>
<CreateTime>1473048483</CreateTime>
<MsgType><![CDATA[voice]]></MsgType>
<MediaId><![CDATA[xOLawi2Eo6nVPoXxcx9CZXauyCBr71JWah7kQfNQEkoCb-e-wj6cWa9ASEv8gEVp]]></MediaId>
<Format><![CDATA[amr]]></Format>
<MsgId>6326695059907411968</MsgId>
<Recognition><![CDATA[土豆丝。]]></Recognition>
</xml>
[#@2016/09/05 04:09:11#]------来了
[#@2016/09/05 04:09:11#]------回复
[#@2016/09/05 04:09:11#]------<xml><ToUserName><![CDATA[gh_738d4b50d9c5]]></ToUserName>
<FromUserName><![CDATA[oW6IEuBQHqToS5pzzqqpNR7J1V0I]]></FromUserName>
<CreateTime>1473048551</CreateTime>
<MsgType><![CDATA[event]]></MsgType>
<Event><![CDATA[LOCATION]]></Event>
<Latitude>31.224915</Latitude>
<Longitude>121.355392</Longitude>
<Precision>76.827148</Precision>
</xml>
[#@2016/09/05 04:09:16#]------来了
[#@2016/09/05 04:09:16#]------回复
[#@2016/09/05 04:09:16#]------<xml><ToUserName><![CDATA[gh_738d4b50d9c5]]></ToUserName>
<FromUserName><![CDATA[oW6IEuBQHqToS5pzzqqpNR7J1V0I]]></FromUserName>
<CreateTime>1473048556</CreateTime>
<MsgType><![CDATA[text]]></MsgType>
<Content><![CDATA[1]]></Content>
<MsgId>6326695373857253177</MsgId>
</xml>
[#@2016/09/05 04:09:16#]---选份数---{"on":1,"flag":1,"food":"\u571f\u8c46\u4e1d","order":[]}
[#@2016/09/05 04:09:16#]---点好了---{"on":1,"flag":1,"food":"\u571f\u8c46\u4e1d","order":["\u571f\u8c46\u4e1dx1"]}
[#@2016/09/05 04:09:16#]------有的
[#@2016/09/05 04:09:16#]---订单字符串---土豆丝x1
[#@2016/09/05 04:09:27#]------来了
[#@2016/09/05 04:09:27#]------回复
[#@2016/09/05 04:09:27#]------<xml><ToUserName><![CDATA[gh_738d4b50d9c5]]></ToUserName>
<FromUserName><![CDATA[oW6IEuBQHqToS5pzzqqpNR7J1V0I]]></FromUserName>
<CreateTime>1473048566</CreateTime>
<MsgType><![CDATA[text]]></MsgType>
<Content><![CDATA[9]]></Content>
<MsgId>6326695416806926141</MsgId>
</xml>
[#@2016/09/05 04:09:37#]------来了
[#@2016/09/05 04:09:37#]------回复
[#@2016/09/05 04:09:37#]------<xml><ToUserName><![CDATA[gh_738d4b50d9c5]]></ToUserName>
<FromUserName><![CDATA[oW6IEuBQHqToS5pzzqqpNR7J1V0I]]></FromUserName>
<CreateTime>1473048576</CreateTime>
<MsgType><![CDATA[voice]]></MsgType>
<MediaId><![CDATA[Z949HYjGfBvrEt11uzpKZ-DEpx9pAEONjgLOkPY0A4EdWgJ1kEWZQHW6SJFMKrvw]]></MediaId>
<Format><![CDATA[amr]]></Format>
<MsgId>6326695459339370496</MsgId>
<Recognition><![CDATA[回锅肉。]]></Recognition>
</xml>
[#@2016/09/05 04:09:49#]------来了
[#@2016/09/05 04:09:49#]------回复
[#@2016/09/05 04:09:49#]------<xml><ToUserName><![CDATA[gh_738d4b50d9c5]]></ToUserName>
<FromUserName><![CDATA[oW6IEuBQHqToS5pzzqqpNR7J1V0I]]></FromUserName>
<CreateTime>1473048588</CreateTime>
<MsgType><![CDATA[text]]></MsgType>
<Content><![CDATA[芭芭拉]]></Content>
<MsgId>6326695511296206682</MsgId>
</xml>
[#@2016/09/05 04:09:49#]---选份数---{"on":1,"flag":1,"food":"\u56de\u9505\u8089","order":["\u571f\u8c46\u4e1dx1"]}
[#@2016/09/05 04:09:49#]------有的
[#@2016/09/05 04:09:49#]---订单字符串---土豆丝x1
[#@2016/09/05 04:20:52#]------来了
[#@2016/09/05 04:20:52#]------回复
[#@2016/09/05 04:20:52#]------<xml><ToUserName><![CDATA[gh_738d4b50d9c5]]></ToUserName>
<FromUserName><![CDATA[oW6IEuF9oUP00Ja7P4LJzvFGvEmY]]></FromUserName>
<CreateTime>1473049251</CreateTime>
<MsgType><![CDATA[voice]]></MsgType>
<MediaId><![CDATA[nG2PNhiNkQQhOYbyKXq3fi7ArqBaMLZITbWuesalgkaPm-IRQgQSFN3wPlYwRO44]]></MediaId>
<Format><![CDATA[amr]]></Format>
<MsgId>6326698358442295296</MsgId>
<Recognition><![CDATA[简称。]]></Recognition>
</xml>
[#@2016/09/05 04:20:59#]------来了
[#@2016/09/05 04:20:59#]------回复
[#@2016/09/05 04:20:59#]------<xml><ToUserName><![CDATA[gh_738d4b50d9c5]]></ToUserName>
<FromUserName><![CDATA[oW6IEuF9oUP00Ja7P4LJzvFGvEmY]]></FromUserName>
<CreateTime>1473049258</CreateTime>
<MsgType><![CDATA[voice]]></MsgType>
<MediaId><![CDATA[8ALdA9Tw8p6-o157SgesLXbOJUnaLZHe64Trvyale2048eKXYb9d9QUDmjLcWd1H]]></MediaId>
<Format><![CDATA[amr]]></Format>
<MsgId>6326698388507066368</MsgId>
<Recognition><![CDATA[点餐。]]></Recognition>
</xml>
[#@2016/09/05 04:21:06#]------来了
[#@2016/09/05 04:21:06#]------回复
[#@2016/09/05 04:21:06#]------<xml><ToUserName><![CDATA[gh_738d4b50d9c5]]></ToUserName>
<FromUserName><![CDATA[oW6IEuF9oUP00Ja7P4LJzvFGvEmY]]></FromUserName>
<CreateTime>1473049266</CreateTime>
<MsgType><![CDATA[voice]]></MsgType>
<MediaId><![CDATA[x0jPU-U1bHJ987RxHOEVh5DdxjoGxh0QLaxSqY6SD6btOOdi55jPu9ajjYZshS51]]></MediaId>
<Format><![CDATA[amr]]></Format>
<MsgId>6326698422866804736</MsgId>
<Recognition><![CDATA[红豆思。]]></Recognition>
</xml>
[#@2016/09/05 04:21:13#]------来了
[#@2016/09/05 04:21:13#]------回复
[#@2016/09/05 04:21:13#]------<xml><ToUserName><![CDATA[gh_738d4b50d9c5]]></ToUserName>
<FromUserName><![CDATA[oW6IEuF9oUP00Ja7P4LJzvFGvEmY]]></FromUserName>
<CreateTime>1473049273</CreateTime>
<MsgType><![CDATA[voice]]></MsgType>
<MediaId><![CDATA[3ZHvSEhnXMKY0DB7U81y0lRfSqYk6MofrOy4WlFpgQK6FHiEsffovoeMPROAhZob]]></MediaId>
<Format><![CDATA[amr]]></Format>
<MsgId>6326698452931575808</MsgId>
<Recognition><![CDATA[哦no四。]]></Recognition>
</xml>
[#@2016/09/05 04:21:20#]------来了
[#@2016/09/05 04:21:20#]------回复
[#@2016/09/05 04:21:20#]------<xml><ToUserName><![CDATA[gh_738d4b50d9c5]]></ToUserName>
<FromUserName><![CDATA[oW6IEuF9oUP00Ja7P4LJzvFGvEmY]]></FromUserName>
<CreateTime>1473049279</CreateTime>
<MsgType><![CDATA[voice]]></MsgType>
<MediaId><![CDATA[SHJ4JPSmtJ__lBsCi_2lmOTmXFET3R5hyL807-MMwf1jzUuxaY7Ldy626nb_2uOA]]></MediaId>
<Format><![CDATA[amr]]></Format>
<MsgId>6326698478701379584</MsgId>
<Recognition><![CDATA[土豆丝。]]></Recognition>
</xml>
[#@2016/09/05 04:21:26#]------来了
[#@2016/09/05 04:21:26#]------回复
[#@2016/09/05 04:21:26#]------<xml><ToUserName><![CDATA[gh_738d4b50d9c5]]></ToUserName>
<FromUserName><![CDATA[oW6IEuF9oUP00Ja7P4LJzvFGvEmY]]></FromUserName>
<CreateTime>1473049285</CreateTime>
<MsgType><![CDATA[text]]></MsgType>
<Content><![CDATA[acclaim]]></Content>
<MsgId>6326698504888412115</MsgId>
</xml>
[#@2016/09/05 04:21:26#]---选份数---{"on":1,"food":"\u571f\u8c46\u4e1d","flag":1,"order":["\u571f\u8c46\u4e1dx3","\u571f\u8c46\u4e1dx3","\u571f\u8c46\u4e1dx1","\u571f\u8c46\u4e1dx1","\u56de\u9505\u8089x2","\u897f\u7ea2\u67ff\u7092\u9e21\u86cbx1","\u897f\u7ea2\u67ff\u7092\u9e21\u86cbx3"]}
[#@2016/09/05 04:21:26#]------有的
[#@2016/09/05 04:21:26#]---订单字符串---土豆丝x3 
 土豆丝x3 
 土豆丝x1 
 土豆丝x1 
 回锅肉x2 
 西红柿炒鸡蛋x1 
 西红柿炒鸡蛋x3
[#@2016/09/05 04:21:40#]------来了
[#@2016/09/05 04:21:40#]------回复
[#@2016/09/05 04:21:40#]------<xml><ToUserName><![CDATA[gh_738d4b50d9c5]]></ToUserName>
<FromUserName><![CDATA[oW6IEuF9oUP00Ja7P4LJzvFGvEmY]]></FromUserName>
<CreateTime>1473049299</CreateTime>
<MsgType><![CDATA[text]]></MsgType>
<Content><![CDATA[5]]></Content>
<MsgId>6326698565017954263</MsgId>
</xml>
[#@2016/09/05 04:21:40#]---选份数---{"on":1,"food":"\u571f\u8c46\u4e1d","flag":1,"order":["\u571f\u8c46\u4e1dx3","\u571f\u8c46\u4e1dx3","\u571f\u8c46\u4e1dx1","\u571f\u8c46\u4e1dx1","\u56de\u9505\u8089x2","\u897f\u7ea2\u67ff\u7092\u9e21\u86cbx1","\u897f\u7ea2\u67ff\u7092\u9e21\u86cbx3"]}
[#@2016/09/05 04:21:40#]---点好了---{"on":1,"food":"\u571f\u8c46\u4e1d","flag":1,"order":["\u571f\u8c46\u4e1dx3","\u571f\u8c46\u4e1dx3","\u571f\u8c46\u4e1dx1","\u571f\u8c46\u4e1dx1","\u56de\u9505\u8089x2","\u897f\u7ea2\u67ff\u7092\u9e21\u86cbx1","\u897f\u7ea2\u67ff\u7092\u9e21\u86cbx3","\u571f\u8c46\u4e1dx5"]}
[#@2016/09/05 04:21:40#]------有的
[#@2016/09/05 04:21:40#]---订单字符串---土豆丝x3 
 土豆丝x3 
 土豆丝x1 
 土豆丝x1 
 回锅肉x2 
 西红柿炒鸡蛋x1 
 西红柿炒鸡蛋x3 
 土豆丝x5
[#@2016/09/05 04:21:45#]------来了
[#@2016/09/05 04:21:45#]------回复
[#@2016/09/05 04:21:45#]------<xml><ToUserName><![CDATA[gh_738d4b50d9c5]]></ToUserName>
<FromUserName><![CDATA[oW6IEuF9oUP00Ja7P4LJzvFGvEmY]]></FromUserName>
<CreateTime>1473049305</CreateTime>
<MsgType><![CDATA[text]]></MsgType>
<Content><![CDATA[6]]></Content>
<MsgId>6326698590787758041</MsgId>
</xml>
[#@2016/09/05 04:22:18#]------来了
[#@2016/09/05 04:22:18#]------回复
[#@2016/09/05 04:22:18#]------<xml><ToUserName><![CDATA[gh_738d4b50d9c5]]></ToUserName>
<FromUserName><![CDATA[oW6IEuF9oUP00Ja7P4LJzvFGvEmY]]></FromUserName>
<CreateTime>1473049338</CreateTime>
<MsgType><![CDATA[event]]></MsgType>
<Event><![CDATA[LOCATION]]></Event>
<Latitude>31.207457</Latitude>
<Longitude>121.376755</Longitude>
<Precision>65.000000</Precision>
</xml>
[#@2016/09/05 05:43:37#]------来了
[#@2016/09/05 05:43:37#]------回复
[#@2016/09/05 05:43:37#]------<xml><ToUserName><![CDATA[gh_738d4b50d9c5]]></ToUserName>
<FromUserName><![CDATA[oW6IEuBQHqToS5pzzqqpNR7J1V0I]]></FromUserName>
<CreateTime>1473054216</CreateTime>
<MsgType><![CDATA[voice]]></MsgType>
<MediaId><![CDATA[0Kiquor9VfuW8R9FJOKldJI_UxhYaxY1TC8O-x7_UQ0Ba8Dh0AXrTDgKFQEjAwIj]]></MediaId>
<Format><![CDATA[amr]]></Format>
<MsgId>6326719682954919936</MsgId>
<Recognition><![CDATA[土豆丝。]]></Recognition>
</xml>
[#@2016/09/05 05:43:57#]------来了
[#@2016/09/05 05:43:57#]------回复
[#@2016/09/05 05:43:57#]------<xml><ToUserName><![CDATA[gh_738d4b50d9c5]]></ToUserName>
<FromUserName><![CDATA[oW6IEuBQHqToS5pzzqqpNR7J1V0I]]></FromUserName>
<CreateTime>1473054236</CreateTime>
<MsgType><![CDATA[text]]></MsgType>
<Content><![CDATA[2]]></Content>
<MsgId>6326719769271495735</MsgId>
</xml>
[#@2016/09/05 05:43:57#]---选份数---{"on":1,"flag":1,"food":"\u571f\u8c46\u4e1d","order":["\u571f\u8c46\u4e1dx1"]}
[#@2016/09/05 05:43:57#]---点好了---{"on":1,"flag":1,"food":"\u571f\u8c46\u4e1d","order":["\u571f\u8c46\u4e1dx1","\u571f\u8c46\u4e1dx2"]}
[#@2016/09/05 05:43:57#]------有的
[#@2016/09/05 05:43:57#]---订单字符串---土豆丝x1 
 土豆丝x2
[#@2016/09/05 05:44:05#]------来了
[#@2016/09/05 05:44:05#]------回复
[#@2016/09/05 05:44:05#]------<xml><ToUserName><![CDATA[gh_738d4b50d9c5]]></ToUserName>
<FromUserName><![CDATA[oW6IEuBQHqToS5pzzqqpNR7J1V0I]]></FromUserName>
<CreateTime>1473054245</CreateTime>
<MsgType><![CDATA[voice]]></MsgType>
<MediaId><![CDATA[vOUJ8dOUjSl71VgIIFl-DhhJiGgv60Fqj3j10_CrQnB1-fzSCWBp-_K_xsGtik2d]]></MediaId>
<Format><![CDATA[amr]]></Format>
<MsgId>6326719807508971520</MsgId>
<Recognition><![CDATA[回锅肉。]]></Recognition>
</xml>
[#@2016/09/05 09:28:23#]------来了
[#@2016/09/05 09:28:23#]------接入
[#@2016/09/05 09:39:17#]------来了
[#@2016/09/05 09:39:17#]------回复
[#@2016/09/05 09:39:17#]------<xml><ToUserName><![CDATA[gh_738d4b50d9c5]]></ToUserName>
<FromUserName><![CDATA[oW6IEuF9oUP00Ja7P4LJzvFGvEmY]]></FromUserName>
<CreateTime>1473068356</CreateTime>
<MsgType><![CDATA[voice]]></MsgType>
<MediaId><![CDATA[KM24MAR_4Gv1Km3STzK0KE31hmYXtIOfGBoZNLu_tw1PCTM_AxJ9QrEvLrZ1hbDC]]></MediaId>
<Format><![CDATA[amr]]></Format>
<MsgId>6326780413792485376</MsgId>
<Recognition><![CDATA[简称。]]></Recognition>
</xml>
[#@2016/09/05 09:39:28#]------来了
[#@2016/09/05 09:39:28#]------回复
[#@2016/09/05 09:39:28#]------<xml><ToUserName><![CDATA[gh_738d4b50d9c5]]></ToUserName>
<FromUserName><![CDATA[oW6IEuF9oUP00Ja7P4LJzvFGvEmY]]></FromUserName>
<CreateTime>1473068367</CreateTime>
<MsgType><![CDATA[voice]]></MsgType>
<MediaId><![CDATA[1JeMHTUHO_I67jmyEUgb2ZEbFuLkzka0yYrkB4_nYdgUKnaBANtZ0HdgndxLyGkA]]></MediaId>
<Format><![CDATA[amr]]></Format>
<MsgId>6326780461037125632</MsgId>
<Recognition><![CDATA[订餐。]]></Recognition>
</xml>
[#@2016/09/05 09:40:15#]------来了
[#@2016/09/05 09:40:15#]------回复
[#@2016/09/05 09:40:15#]------<xml><ToUserName><![CDATA[gh_738d4b50d9c5]]></ToUserName>
<FromUserName><![CDATA[oW6IEuF9oUP00Ja7P4LJzvFGvEmY]]></FromUserName>
<CreateTime>1473068414</CreateTime>
<MsgType><![CDATA[voice]]></MsgType>
<MediaId><![CDATA[4AKPSNGHXPgJGi6LrqboZvrIfiFOv_W4vk10neD_D63TU_0_jJz4Q05bwGcCcsLj]]></MediaId>
<Format><![CDATA[amr]]></Format>
<MsgId>6326780662900588544</MsgId>
<Recognition><![CDATA[点餐。]]></Recognition>
</xml>
[#@2016/09/05 09:40:25#]------来了
[#@2016/09/05 09:40:25#]------回复
[#@2016/09/05 09:40:25#]------<xml><ToUserName><![CDATA[gh_738d4b50d9c5]]></ToUserName>
<FromUserName><![CDATA[oW6IEuF9oUP00Ja7P4LJzvFGvEmY]]></FromUserName>
<CreateTime>1473068424</CreateTime>
<MsgType><![CDATA[voice]]></MsgType>
<MediaId><![CDATA[SpM3ndiUMnZJHm0PQcT4FiN1vpV1MlnuY9psHnP4KMAE_pqhhlmuEdHlifBdSS8_]]></MediaId>
<Format><![CDATA[amr]]></Format>
<MsgId>6326780705850261504</MsgId>
<Recognition><![CDATA[土豆丝。]]></Recognition>
</xml>
[#@2016/09/05 09:41:01#]------来了
[#@2016/09/05 09:41:01#]------回复
[#@2016/09/05 09:41:01#]------<xml><ToUserName><![CDATA[gh_738d4b50d9c5]]></ToUserName>
<FromUserName><![CDATA[oW6IEuF9oUP00Ja7P4LJzvFGvEmY]]></FromUserName>
<CreateTime>1473068460</CreateTime>
<MsgType><![CDATA[voice]]></MsgType>
<MediaId><![CDATA[3J95355nzImsMTRMr9nBvV6gRchnM3c--rtLxod1wcTXU4mAD0dAfSz4CwRWtLpL]]></MediaId>
<Format><![CDATA[amr]]></Format>
<MsgId>6326780860469084160</MsgId>
<Recognition><![CDATA[点餐。]]></Recognition>
</xml>
[#@2016/09/05 09:41:07#]------来了
[#@2016/09/05 09:41:07#]------回复
[#@2016/09/05 09:41:07#]------<xml><ToUserName><![CDATA[gh_738d4b50d9c5]]></ToUserName>
<FromUserName><![CDATA[oW6IEuF9oUP00Ja7P4LJzvFGvEmY]]></FromUserName>
<CreateTime>1473068467</CreateTime>
<MsgType><![CDATA[voice]]></MsgType>
<MediaId><![CDATA[Zn4Hpukb_YdMESg0E-fKth-3sUwHyWeQceqlI83aZ-yRy_uGj_QkUzskkwnRWOei]]></MediaId>
<Format><![CDATA[amr]]></Format>
<MsgId>6326780890533855232</MsgId>
<Recognition><![CDATA[点餐。]]></Recognition>
</xml>
[#@2016/09/05 09:41:15#]------来了
[#@2016/09/05 09:41:15#]------回复
[#@2016/09/05 09:41:15#]------<xml><ToUserName><![CDATA[gh_738d4b50d9c5]]></ToUserName>
<FromUserName><![CDATA[oW6IEuF9oUP00Ja7P4LJzvFGvEmY]]></FromUserName>
<CreateTime>1473068475</CreateTime>
<MsgType><![CDATA[voice]]></MsgType>
<MediaId><![CDATA[7fEqwtVbNx5rMXfF5DdmRwGQjHVnJIkGez_Vraqa2j6gaA6y5PAGKEWuSNtG-CCd]]></MediaId>
<Format><![CDATA[amr]]></Format>
<MsgId>6326780924893593600</MsgId>
<Recognition><![CDATA[]]></Recognition>
</xml>
[#@2016/09/05 09:42:56#]------来了
[#@2016/09/05 09:42:56#]------回复
[#@2016/09/05 09:42:56#]------<xml><ToUserName><![CDATA[gh_738d4b50d9c5]]></ToUserName>
<FromUserName><![CDATA[oW6IEuF9oUP00Ja7P4LJzvFGvEmY]]></FromUserName>
<CreateTime>1473068575</CreateTime>
<MsgType><![CDATA[voice]]></MsgType>
<MediaId><![CDATA[bY4Ljj2Somr0TJyHGyzItW_f_9EEnSmY9sabZYnJp42fU2SW74g-ywbU28GrHqo_]]></MediaId>
<Format><![CDATA[amr]]></Format>
<MsgId>6326781354390323200</MsgId>
<Recognition><![CDATA[点餐。]]></Recognition>
</xml>
[#@2016/09/05 09:43:03#]------来了
[#@2016/09/05 09:43:03#]------回复
[#@2016/09/05 09:43:03#]------<xml><ToUserName><![CDATA[gh_738d4b50d9c5]]></ToUserName>
<FromUserName><![CDATA[oW6IEuF9oUP00Ja7P4LJzvFGvEmY]]></FromUserName>
<CreateTime>1473068582</CreateTime>
<MsgType><![CDATA[voice]]></MsgType>
<MediaId><![CDATA[sAABvpjnK501bnMdF9MF6reb1fiH9Sk6O75J9zMJ64dCAA_20Po4s79AyBdjf7mN]]></MediaId>
<Format><![CDATA[amr]]></Format>
<MsgId>6326781384455094272</MsgId>
<Recognition><![CDATA[土豆丝。]]></Recognition>
</xml>
[#@2016/09/05 09:43:11#]------来了
[#@2016/09/05 09:43:11#]------回复
[#@2016/09/05 09:43:11#]------<xml><ToUserName><![CDATA[gh_738d4b50d9c5]]></ToUserName>
<FromUserName><![CDATA[oW6IEuF9oUP00Ja7P4LJzvFGvEmY]]></FromUserName>
<CreateTime>1473068591</CreateTime>
<MsgType><![CDATA[text]]></MsgType>
<Content><![CDATA[1]]></Content>
<MsgId>6326781423527034172</MsgId>
</xml>
[#@2016/09/05 09:43:11#]---选份数---{"on":1,"food":"\u571f\u8c46\u4e1d","flag":1,"order":[]}
[#@2016/09/05 09:43:11#]---点好了---{"on":1,"food":"\u571f\u8c46\u4e1d","flag":1,"order":["\u571f\u8c46\u4e1dx1"]}
[#@2016/09/05 09:43:11#]------有的
[#@2016/09/05 09:43:11#]---订单字符串---土豆丝x1
[#@2016/09/05 09:43:30#]------来了
[#@2016/09/05 09:43:30#]------回复
[#@2016/09/05 09:43:30#]------<xml><ToUserName><![CDATA[gh_738d4b50d9c5]]></ToUserName>
<FromUserName><![CDATA[oW6IEuF9oUP00Ja7P4LJzvFGvEmY]]></FromUserName>
<CreateTime>1473068609</CreateTime>
<MsgType><![CDATA[voice]]></MsgType>
<MediaId><![CDATA[dPg7iOJC5JqkwKpK-cSeLba8sxV-OQYmRhhR2M-y0Nq0AlJGPD8FeDH-5vT6VLZD]]></MediaId>
<Format><![CDATA[amr]]></Format>
<MsgId>6326781500419211264</MsgId>
<Recognition><![CDATA[红烧肉。]]></Recognition>
</xml>
[#@2016/09/05 09:43:37#]------来了
[#@2016/09/05 09:43:37#]------回复
[#@2016/09/05 09:43:37#]------<xml><ToUserName><![CDATA[gh_738d4b50d9c5]]></ToUserName>
<FromUserName><![CDATA[oW6IEuF9oUP00Ja7P4LJzvFGvEmY]]></FromUserName>
<CreateTime>1473068617</CreateTime>
<MsgType><![CDATA[voice]]></MsgType>
<MediaId><![CDATA[9QeNn5gYxlU8oZx6WT8FZpefebkQl463AmwOJ4MnxPW__9CRp-ufJvcAgus4qa2j]]></MediaId>
<Format><![CDATA[amr]]></Format>
<MsgId>6326781534778949632</MsgId>
<Recognition><![CDATA[回锅肉。]]></Recognition>
</xml>
[#@2016/09/05 09:43:43#]------来了
[#@2016/09/05 09:43:43#]------回复
[#@2016/09/05 09:43:43#]------<xml><ToUserName><![CDATA[gh_738d4b50d9c5]]></ToUserName>
<FromUserName><![CDATA[oW6IEuF9oUP00Ja7P4LJzvFGvEmY]]></FromUserName>
<CreateTime>1473068622</CreateTime>
<MsgType><![CDATA[text]]></MsgType>
<Content><![CDATA[明早]]></Content>
<MsgId>6326781556671020362</MsgId>
</xml>
[#@2016/09/05 09:43:43#]---选份数---{"on":1,"food":"\u56de\u9505\u8089","flag":1,"order":["\u571f\u8c46\u4e1dx1"]}
[#@2016/09/05 09:43:43#]------有的
[#@2016/09/05 09:43:43#]---订单字符串---土豆丝x1
[#@2016/09/05 09:43:51#]------来了
[#@2016/09/05 09:43:51#]------回复
[#@2016/09/05 09:43:51#]------<xml><ToUserName><![CDATA[gh_738d4b50d9c5]]></ToUserName>
<FromUserName><![CDATA[oW6IEuF9oUP00Ja7P4LJzvFGvEmY]]></FromUserName>
<CreateTime>1473068630</CreateTime>
<MsgType><![CDATA[text]]></MsgType>
<Content><![CDATA[6]]></Content>
<MsgId>6326781591030758736</MsgId>
</xml>
[#@2016/09/05 09:43:51#]---选份数---{"on":1,"food":"\u56de\u9505\u8089","flag":1,"order":["\u571f\u8c46\u4e1dx1"]}
[#@2016/09/05 09:43:51#]---点好了---{"on":1,"food":"\u56de\u9505\u8089","flag":1,"order":["\u571f\u8c46\u4e1dx1","\u56de\u9505\u8089x6"]}
[#@2016/09/05 09:43:51#]------有的
[#@2016/09/05 09:43:51#]---订单字符串---土豆丝x1 
 回锅肉x6
[#@2016/09/05 09:50:57#]------来了
[#@2016/09/05 09:50:57#]------回复
[#@2016/09/05 09:50:57#]------<xml><ToUserName><![CDATA[gh_738d4b50d9c5]]></ToUserName>
<FromUserName><![CDATA[oW6IEuF9oUP00Ja7P4LJzvFGvEmY]]></FromUserName>
<CreateTime>1473069056</CreateTime>
<MsgType><![CDATA[voice]]></MsgType>
<MediaId><![CDATA[1x17Ah8kZS9bKUmkukEFA0UVbKT8T5FzXEkp6OUJYybgk76AkQFpo8vLCiEnDR5W]]></MediaId>
<Format><![CDATA[amr]]></Format>
<MsgId>6326783420269592576</MsgId>
<Recognition><![CDATA[土豆丝。]]></Recognition>
</xml>
[#@2016/09/05 09:51:08#]------来了
[#@2016/09/05 09:51:08#]------回复
[#@2016/09/05 09:51:08#]------<xml><ToUserName><![CDATA[gh_738d4b50d9c5]]></ToUserName>
<FromUserName><![CDATA[oW6IEuF9oUP00Ja7P4LJzvFGvEmY]]></FromUserName>
<CreateTime>1473069067</CreateTime>
<MsgType><![CDATA[text]]></MsgType>
<Content><![CDATA[6]]></Content>
<MsgId>6326783467931467216</MsgId>
</xml>
[#@2016/09/05 09:51:08#]---选份数---{"on":1,"food":"\u571f\u8c46\u4e1d","flag":1,"order":["\u571f\u8c46\u4e1dx1","\u56de\u9505\u8089x6"]}
[#@2016/09/05 09:51:08#]---点好了---{"on":1,"food":"\u571f\u8c46\u4e1d","flag":1,"order":["\u571f\u8c46\u4e1dx1","\u56de\u9505\u8089x6","\u571f\u8c46\u4e1dx6"]}
[#@2016/09/05 09:51:08#]------有的
[#@2016/09/05 09:51:08#]---订单字符串---土豆丝x1 
 回锅肉x6 
 土豆丝x6
[#@2016/09/05 09:55:16#]------来了
[#@2016/09/05 09:55:16#]------回复
[#@2016/09/05 09:55:16#]------<xml><ToUserName><![CDATA[gh_738d4b50d9c5]]></ToUserName>
<FromUserName><![CDATA[oW6IEuF9oUP00Ja7P4LJzvFGvEmY]]></FromUserName>
<CreateTime>1473069316</CreateTime>
<MsgType><![CDATA[voice]]></MsgType>
<MediaId><![CDATA[08OiZY6K8YISEdQo3Gg3mD28iuvIHIjQUWeHmppOTcb3fkReOaqjn-096nxm1mVd]]></MediaId>
<Format><![CDATA[amr]]></Format>
<MsgId>6326784536961089536</MsgId>
<Recognition><![CDATA[蒸羊羔。]]></Recognition>
</xml>
[#@2016/09/05 09:55:23#]------来了
[#@2016/09/05 09:55:23#]------回复
[#@2016/09/05 09:55:23#]------<xml><ToUserName><![CDATA[gh_738d4b50d9c5]]></ToUserName>
<FromUserName><![CDATA[oW6IEuF9oUP00Ja7P4LJzvFGvEmY]]></FromUserName>
<CreateTime>1473069322</CreateTime>
<MsgType><![CDATA[voice]]></MsgType>
<MediaId><![CDATA[Hd-jDTmmRomz0CcKXQgxjxypWHNJ-5voJZXLABWtmwIE7TSDLoXEZBl0Q1nNblWD]]></MediaId>
<Format><![CDATA[amr]]></Format>
<MsgId>6326784562730893312</MsgId>
<Recognition><![CDATA[红市炒鸡蛋。]]></Recognition>
</xml>
[#@2016/09/05 09:55:34#]------来了
[#@2016/09/05 09:55:34#]------回复
[#@2016/09/05 09:55:34#]------<xml><ToUserName><![CDATA[gh_738d4b50d9c5]]></ToUserName>
<FromUserName><![CDATA[oW6IEuF9oUP00Ja7P4LJzvFGvEmY]]></FromUserName>
<CreateTime>1473069333</CreateTime>
<MsgType><![CDATA[voice]]></MsgType>
<MediaId><![CDATA[3s1-e8UVMZ8TaHg5nQ042JyVNmogHlk0eRvQXUebX2Q6D6uJpHP_VoeFndCUSf5i]]></MediaId>
<Format><![CDATA[amr]]></Format>
<MsgId>6326784609975533568</MsgId>
<Recognition><![CDATA[西红柿炒鸡蛋。]]></Recognition>
</xml>
[#@2016/09/05 09:55:55#]------来了
[#@2016/09/05 09:55:55#]------回复
[#@2016/09/05 09:55:55#]------<xml><ToUserName><![CDATA[gh_738d4b50d9c5]]></ToUserName>
<FromUserName><![CDATA[oW6IEuF9oUP00Ja7P4LJzvFGvEmY]]></FromUserName>
<CreateTime>1473069354</CreateTime>
<MsgType><![CDATA[text]]></MsgType>
<Content><![CDATA[8]]></Content>
<MsgId>6326784700587081260</MsgId>
</xml>
[#@2016/09/05 09:55:55#]---选份数---{"on":1,"food":"\u897f\u7ea2\u67ff\u7092\u9e21\u86cb","flag":1,"order":["\u571f\u8c46\u4e1dx1","\u56de\u9505\u8089x6","\u571f\u8c46\u4e1dx6"]}
[#@2016/09/05 09:55:55#]---点好了---{"on":1,"food":"\u897f\u7ea2\u67ff\u7092\u9e21\u86cb","flag":1,"order":["\u571f\u8c46\u4e1dx1","\u56de\u9505\u8089x6","\u571f\u8c46\u4e1dx6","\u897f\u7ea2\u67ff\u7092\u9e21\u86cbx8"]}
[#@2016/09/05 09:55:55#]------有的
[#@2016/09/05 09:55:55#]---订单字符串---土豆丝x1 
 回锅肉x6 
 土豆丝x6 
 西红柿炒鸡蛋x8
[#@2016/09/05 09:56:14#]------来了
[#@2016/09/05 09:56:14#]------回复
[#@2016/09/05 09:56:14#]------<xml><ToUserName><![CDATA[gh_738d4b50d9c5]]></ToUserName>
<FromUserName><![CDATA[oW6IEuF9oUP00Ja7P4LJzvFGvEmY]]></FromUserName>
<CreateTime>1473069373</CreateTime>
<MsgType><![CDATA[text]]></MsgType>
<Content><![CDATA[买单]]></Content>
<MsgId>6326784782191459906</MsgId>
</xml>
[#@2016/09/05 03:28:52#]------来了
[#@2016/09/05 03:28:52#]------回复
[#@2016/09/05 03:28:52#]------<xml><ToUserName><![CDATA[gh_738d4b50d9c5]]></ToUserName>
<FromUserName><![CDATA[oW6IEuF9oUP00Ja7P4LJzvFGvEmY]]></FromUserName>
<CreateTime>1473089332</CreateTime>
<MsgType><![CDATA[event]]></MsgType>
<Event><![CDATA[TEMPLATESENDJOBFINISH]]></Event>
<MsgID>417243438</MsgID>
<Status><![CDATA[success]]></Status>
</xml>
[#@2016/09/05 03:29:10#]------来了
[#@2016/09/05 03:29:10#]------回复
[#@2016/09/05 03:29:10#]------<xml><ToUserName><![CDATA[gh_738d4b50d9c5]]></ToUserName>
<FromUserName><![CDATA[oW6IEuF9oUP00Ja7P4LJzvFGvEmY]]></FromUserName>
<CreateTime>1473089348</CreateTime>
<MsgType><![CDATA[event]]></MsgType>
<Event><![CDATA[LOCATION]]></Event>
<Latitude>31.207500</Latitude>
<Longitude>121.376801</Longitude>
<Precision>65.000000</Precision>
</xml>
[#@2016/09/05 03:29:47#]------来了
[#@2016/09/05 03:29:47#]------回复
[#@2016/09/05 03:29:47#]------<xml><ToUserName><![CDATA[gh_738d4b50d9c5]]></ToUserName>
<FromUserName><![CDATA[oW6IEuBQHqToS5pzzqqpNR7J1V0I]]></FromUserName>
<CreateTime>1473089387</CreateTime>
<MsgType><![CDATA[event]]></MsgType>
<Event><![CDATA[TEMPLATESENDJOBFINISH]]></Event>
<MsgID>417243444</MsgID>
<Status><![CDATA[success]]></Status>
</xml>
[#@2016/09/05 03:30:55#]------来了
[#@2016/09/05 03:30:55#]------回复
[#@2016/09/05 03:30:55#]------<xml><ToUserName><![CDATA[gh_738d4b50d9c5]]></ToUserName>
<FromUserName><![CDATA[oW6IEuF9oUP00Ja7P4LJzvFGvEmY]]></FromUserName>
<CreateTime>1473089454</CreateTime>
<MsgType><![CDATA[event]]></MsgType>
<Event><![CDATA[TEMPLATESENDJOBFINISH]]></Event>
<MsgID>417243464</MsgID>
<Status><![CDATA[success]]></Status>
</xml>
[#@2016/09/05 03:33:24#]------来了
[#@2016/09/05 03:33:24#]------回复
[#@2016/09/05 03:33:24#]------<xml><ToUserName><![CDATA[gh_738d4b50d9c5]]></ToUserName>
<FromUserName><![CDATA[oW6IEuBQHqToS5pzzqqpNR7J1V0I]]></FromUserName>
<CreateTime>1473089604</CreateTime>
<MsgType><![CDATA[event]]></MsgType>
<Event><![CDATA[TEMPLATESENDJOBFINISH]]></Event>
<MsgID>417243507</MsgID>
<Status><![CDATA[success]]></Status>
</xml>
[#@2016/09/05 03:34:01#]------来了
[#@2016/09/05 03:34:01#]------回复
[#@2016/09/05 03:34:01#]------<xml><ToUserName><![CDATA[gh_738d4b50d9c5]]></ToUserName>
<FromUserName><![CDATA[oW6IEuF9oUP00Ja7P4LJzvFGvEmY]]></FromUserName>
<CreateTime>1473089641</CreateTime>
<MsgType><![CDATA[event]]></MsgType>
<Event><![CDATA[TEMPLATESENDJOBFINISH]]></Event>
<MsgID>417243521</MsgID>
<Status><![CDATA[success]]></Status>
</xml>
[#@2016/09/05 03:36:59#]------来了
[#@2016/09/05 03:36:59#]------回复
[#@2016/09/05 03:36:59#]------<xml><ToUserName><![CDATA[gh_738d4b50d9c5]]></ToUserName>
<FromUserName><![CDATA[oW6IEuF9oUP00Ja7P4LJzvFGvEmY]]></FromUserName>
<CreateTime>1473089818</CreateTime>
<MsgType><![CDATA[voice]]></MsgType>
<MediaId><![CDATA[rRucTj_7Lq-kvEYM0dC7N25dpW7kvLdsfQckxgNjF6CAHbAXelmiPUtPbBdhAk1Z]]></MediaId>
<Format><![CDATA[amr]]></Format>
<MsgId>6326872592380592128</MsgId>
<Recognition><![CDATA[枣肉。]]></Recognition>
</xml>
[#@2016/09/05 03:37:06#]------来了
[#@2016/09/05 03:37:06#]------回复
[#@2016/09/05 03:37:06#]------<xml><ToUserName><![CDATA[gh_738d4b50d9c5]]></ToUserName>
<FromUserName><![CDATA[oW6IEuF9oUP00Ja7P4LJzvFGvEmY]]></FromUserName>
<CreateTime>1473089825</CreateTime>
<MsgType><![CDATA[voice]]></MsgType>
<MediaId><![CDATA[OQHs1aX6n6ngP0Hwx5wGajO7G0EXkkEysWOOP41YyfpXMOECxJmR5POb9K6aYz1E]]></MediaId>
<Format><![CDATA[amr]]></Format>
<MsgId>6326872622445363200</MsgId>
<Recognition><![CDATA[点餐。]]></Recognition>
</xml>
[#@2016/09/05 03:37:34#]------来了
[#@2016/09/05 03:37:34#]------回复
[#@2016/09/05 03:37:34#]------<xml><ToUserName><![CDATA[gh_738d4b50d9c5]]></ToUserName>
<FromUserName><![CDATA[oW6IEuF9oUP00Ja7P4LJzvFGvEmY]]></FromUserName>
<CreateTime>1473089854</CreateTime>
<MsgType><![CDATA[text]]></MsgType>
<Content><![CDATA[买单]]></Content>
<MsgId>6326872747416658355</MsgId>
</xml>
[#@2016/09/05 03:37:53#]------来了
[#@2016/09/05 03:37:53#]------回复
[#@2016/09/05 03:37:53#]------<xml><ToUserName><![CDATA[gh_738d4b50d9c5]]></ToUserName>
<FromUserName><![CDATA[oW6IEuF9oUP00Ja7P4LJzvFGvEmY]]></FromUserName>
<CreateTime>1473089872</CreateTime>
<MsgType><![CDATA[voice]]></MsgType>
<MediaId><![CDATA[3L9SbHugVbI2EKD5WcG5LwGPKUu1CcimOREcw8uk2EvYqLTYgStdXRc0rYjFTYFg]]></MediaId>
<Format><![CDATA[amr]]></Format>
<MsgId>6326872824308826112</MsgId>
<Recognition><![CDATA[红烧肉。]]></Recognition>
</xml>
[#@2016/09/05 03:37:59#]------来了
[#@2016/09/05 03:37:59#]------回复
[#@2016/09/05 03:37:59#]------<xml><ToUserName><![CDATA[gh_738d4b50d9c5]]></ToUserName>
<FromUserName><![CDATA[oW6IEuF9oUP00Ja7P4LJzvFGvEmY]]></FromUserName>
<CreateTime>1473089878</CreateTime>
<MsgType><![CDATA[voice]]></MsgType>
<MediaId><![CDATA[eDP8WLFdfp-WxZyoaE9QMo9Us8WQpLDHgQb8fXmDCwmZtadX-uUoKx01Wdqfx8Kp]]></MediaId>
<Format><![CDATA[amr]]></Format>
<MsgId>6326872850078629888</MsgId>
<Recognition><![CDATA[土豆丝。]]></Recognition>
</xml>
[#@2016/09/05 03:38:05#]------来了
[#@2016/09/05 03:38:05#]------回复
[#@2016/09/05 03:38:05#]------<xml><ToUserName><![CDATA[gh_738d4b50d9c5]]></ToUserName>
<FromUserName><![CDATA[oW6IEuF9oUP00Ja7P4LJzvFGvEmY]]></FromUserName>
<CreateTime>1473089884</CreateTime>
<MsgType><![CDATA[text]]></MsgType>
<Content><![CDATA[6]]></Content>
<MsgId>6326872876265677250</MsgId>
</xml>
[#@2016/09/05 03:38:05#]---选份数---{"on":1,"food":"\u571f\u8c46\u4e1d","flag":1,"order":["\u571f\u8c46\u4e1dx1","\u56de\u9505\u8089x6","\u571f\u8c46\u4e1dx6","\u897f\u7ea2\u67ff\u7092\u9e21\u86cbx8"]}
[#@2016/09/05 03:38:05#]---点好了---{"on":1,"food":"\u571f\u8c46\u4e1d","flag":1,"order":["\u571f\u8c46\u4e1dx1","\u56de\u9505\u8089x6","\u571f\u8c46\u4e1dx6","\u897f\u7ea2\u67ff\u7092\u9e21\u86cbx8","\u571f\u8c46\u4e1dx6"]}
[#@2016/09/05 03:38:05#]------有的
[#@2016/09/05 03:38:05#]---订单字符串---土豆丝x1 
 回锅肉x6 
 土豆丝x6 
 西红柿炒鸡蛋x8 
 土豆丝x6
[#@2016/09/05 03:38:29#]------来了
[#@2016/09/05 03:38:29#]------回复
[#@2016/09/05 03:38:29#]------<xml><ToUserName><![CDATA[gh_738d4b50d9c5]]></ToUserName>
<FromUserName><![CDATA[oW6IEuF9oUP00Ja7P4LJzvFGvEmY]]></FromUserName>
<CreateTime>1473089909</CreateTime>
<MsgType><![CDATA[voice]]></MsgType>
<MediaId><![CDATA[GT0u53y6O9qT37rand-olfflBoQLZjWzM9F0eScv4v6hMzWPHRO9hleHDLvoSqRW]]></MediaId>
<Format><![CDATA[amr]]></Format>
<MsgId>6326872983222616064</MsgId>
<Recognition><![CDATA[土豆丝。]]></Recognition>
</xml>
[#@2016/09/05 03:38:37#]------来了
[#@2016/09/05 03:38:37#]------回复
[#@2016/09/05 03:38:37#]------<xml><ToUserName><![CDATA[gh_738d4b50d9c5]]></ToUserName>
<FromUserName><![CDATA[oW6IEuF9oUP00Ja7P4LJzvFGvEmY]]></FromUserName>
<CreateTime>1473089915</CreateTime>
<MsgType><![CDATA[text]]></MsgType>
<Content><![CDATA[0]]></Content>
<MsgId>6326873009409663439</MsgId>
</xml>
[#@2016/09/05 03:38:37#]---选份数---{"on":1,"food":"\u571f\u8c46\u4e1d","flag":1,"order":["\u571f\u8c46\u4e1dx1","\u56de\u9505\u8089x6","\u571f\u8c46\u4e1dx6","\u897f\u7ea2\u67ff\u7092\u9e21\u86cbx8","\u571f\u8c46\u4e1dx6"],"pay":"http:\/\/www.baidu.com\/s0"}
[#@2016/09/05 03:38:37#]------有的
[#@2016/09/05 03:38:37#]---订单字符串---土豆丝x1 
 回锅肉x6 
 土豆丝x6 
 西红柿炒鸡蛋x8 
 土豆丝x6
[#@2016/09/05 03:38:46#]------来了
[#@2016/09/05 03:38:46#]------回复
[#@2016/09/05 03:38:46#]------<xml><ToUserName><![CDATA[gh_738d4b50d9c5]]></ToUserName>
<FromUserName><![CDATA[oW6IEuF9oUP00Ja7P4LJzvFGvEmY]]></FromUserName>
<CreateTime>1473089925</CreateTime>
<MsgType><![CDATA[text]]></MsgType>
<Content><![CDATA[买单]]></Content>
<MsgId>6326873052359336401</MsgId>
</xml>
[#@2016/09/05 03:41:09#]------来了
[#@2016/09/05 03:41:09#]------回复
[#@2016/09/05 03:41:09#]------<xml><ToUserName><![CDATA[gh_738d4b50d9c5]]></ToUserName>
<FromUserName><![CDATA[oW6IEuF9oUP00Ja7P4LJzvFGvEmY]]></FromUserName>
<CreateTime>1473090068</CreateTime>
<MsgType><![CDATA[text]]></MsgType>
<Content><![CDATA[买单]]></Content>
<MsgId>6326873666539659768</MsgId>
</xml>
[#@2016/09/05 03:41:09#]------买单
[#@2016/09/05 03:43:13#]------来了
[#@2016/09/05 03:43:13#]------回复
[#@2016/09/05 03:43:13#]------<xml><ToUserName><![CDATA[gh_738d4b50d9c5]]></ToUserName>
<FromUserName><![CDATA[oW6IEuF9oUP00Ja7P4LJzvFGvEmY]]></FromUserName>
<CreateTime>1473090193</CreateTime>
<MsgType><![CDATA[voice]]></MsgType>
<MediaId><![CDATA[zHkkAJP5q14KDJuJAcJ7hgtNWvW6kbxRau6Tg1dP-3svzR1vTxSNr355kELDFPUR]]></MediaId>
<Format><![CDATA[amr]]></Format>
<MsgId>6326874202993328128</MsgId>
<Recognition><![CDATA[点餐。]]></Recognition>
</xml>
[#@2016/09/05 03:43:20#]------来了
[#@2016/09/05 03:43:20#]------回复
[#@2016/09/05 03:43:20#]------<xml><ToUserName><![CDATA[gh_738d4b50d9c5]]></ToUserName>
<FromUserName><![CDATA[oW6IEuF9oUP00Ja7P4LJzvFGvEmY]]></FromUserName>
<CreateTime>1473090199</CreateTime>
<MsgType><![CDATA[voice]]></MsgType>
<MediaId><![CDATA[4pmJsza8QuyDOJlU8bllBF02PoW6DqY5rlcAfO0H58q3ISumWXwzSotgj3bBXoC_]]></MediaId>
<Format><![CDATA[amr]]></Format>
<MsgId>6326874228763131904</MsgId>
<Recognition><![CDATA[土豆丝。]]></Recognition>
</xml>
[#@2016/09/05 03:43:25#]------来了
[#@2016/09/05 03:43:25#]------回复
[#@2016/09/05 03:43:25#]------<xml><ToUserName><![CDATA[gh_738d4b50d9c5]]></ToUserName>
<FromUserName><![CDATA[oW6IEuF9oUP00Ja7P4LJzvFGvEmY]]></FromUserName>
<CreateTime>1473090204</CreateTime>
<MsgType><![CDATA[text]]></MsgType>
<Content><![CDATA[9]]></Content>
<MsgId>6326874250655212055</MsgId>
</xml>
[#@2016/09/05 03:43:25#]---选份数---{"on":1,"food":"\u571f\u8c46\u4e1d","flag":1,"order":[],"pay":""}
[#@2016/09/05 03:43:25#]---点好了---{"on":1,"food":"\u571f\u8c46\u4e1d","flag":1,"order":["\u571f\u8c46\u4e1dx9"],"pay":""}
[#@2016/09/05 03:43:25#]------有的
[#@2016/09/05 03:43:25#]---订单字符串---土豆丝x9
[#@2016/09/05 03:43:36#]------来了
[#@2016/09/05 03:43:36#]------回复
[#@2016/09/05 03:43:36#]------<xml><ToUserName><![CDATA[gh_738d4b50d9c5]]></ToUserName>
<FromUserName><![CDATA[oW6IEuF9oUP00Ja7P4LJzvFGvEmY]]></FromUserName>
<CreateTime>1473090215</CreateTime>
<MsgType><![CDATA[text]]></MsgType>
<Content><![CDATA[买单]]></Content>
<MsgId>6326874297899852317</MsgId>
</xml>
[#@2016/09/05 03:43:36#]------买单
[#@2016/09/06 02:06:03#]------来了
[#@2016/09/06 02:06:03#]------回复
[#@2016/09/06 02:06:03#]------<xml><ToUserName><![CDATA[gh_738d4b50d9c5]]></ToUserName>
<FromUserName><![CDATA[oW6IEuF9oUP00Ja7P4LJzvFGvEmY]]></FromUserName>
<CreateTime>1473127562</CreateTime>
<MsgType><![CDATA[event]]></MsgType>
<Event><![CDATA[TEMPLATESENDJOBFINISH]]></Event>
<MsgID>417248278</MsgID>
<Status><![CDATA[success]]></Status>
</xml>
[#@2016/09/06 02:06:55#]------来了
[#@2016/09/06 02:06:55#]------回复
[#@2016/09/06 02:06:55#]------<xml><ToUserName><![CDATA[gh_738d4b50d9c5]]></ToUserName>
<FromUserName><![CDATA[oW6IEuF9oUP00Ja7P4LJzvFGvEmY]]></FromUserName>
<CreateTime>1473127615</CreateTime>
<MsgType><![CDATA[event]]></MsgType>
<Event><![CDATA[TEMPLATESENDJOBFINISH]]></Event>
<MsgID>417248310</MsgID>
<Status><![CDATA[success]]></Status>
</xml>
[#@2016/09/06 02:10:38#]------来了
[#@2016/09/06 02:10:38#]------回复
[#@2016/09/06 02:10:38#]------<xml><ToUserName><![CDATA[gh_738d4b50d9c5]]></ToUserName>
<FromUserName><![CDATA[oW6IEuF9oUP00Ja7P4LJzvFGvEmY]]></FromUserName>
<CreateTime>1473127832</CreateTime>
<MsgType><![CDATA[event]]></MsgType>
<Event><![CDATA[TEMPLATESENDJOBFINISH]]></Event>
<MsgID>417248397</MsgID>
<Status><![CDATA[success]]></Status>
</xml>
[#@2016/09/06 02:10:39#]------来了
[#@2016/09/06 02:10:39#]------回复
[#@2016/09/06 02:10:39#]------<xml><ToUserName><![CDATA[gh_738d4b50d9c5]]></ToUserName>
<FromUserName><![CDATA[oW6IEuF9oUP00Ja7P4LJzvFGvEmY]]></FromUserName>
<CreateTime>1473127832</CreateTime>
<MsgType><![CDATA[event]]></MsgType>
<Event><![CDATA[TEMPLATESENDJOBFINISH]]></Event>
<MsgID>417248397</MsgID>
<Status><![CDATA[success]]></Status>
</xml>
[#@2016/09/06 02:11:09#]------来了
[#@2016/09/06 02:11:09#]------回复
[#@2016/09/06 02:11:09#]------<xml><ToUserName><![CDATA[gh_738d4b50d9c5]]></ToUserName>
<FromUserName><![CDATA[oW6IEuF9oUP00Ja7P4LJzvFGvEmY]]></FromUserName>
<CreateTime>1473127868</CreateTime>
<MsgType><![CDATA[voice]]></MsgType>
<MediaId><![CDATA[WKg_R3fkngw-OmwRYVO882DbYGp-4M3s28AAd6T2Sd3sFY3Uu52jpo5-Fe-8bdI-]]></MediaId>
<Format><![CDATA[amr]]></Format>
<MsgId>6327036015886204928</MsgId>
<Recognition><![CDATA[三。]]></Recognition>
</xml>
[#@2016/09/06 02:11:17#]------来了
[#@2016/09/06 02:11:17#]------回复
[#@2016/09/06 02:11:17#]------<xml><ToUserName><![CDATA[gh_738d4b50d9c5]]></ToUserName>
<FromUserName><![CDATA[oW6IEuF9oUP00Ja7P4LJzvFGvEmY]]></FromUserName>
<CreateTime>1473127876</CreateTime>
<MsgType><![CDATA[voice]]></MsgType>
<MediaId><![CDATA[_45VSNinzYOowKgEIej7rv-IYyLj8aydPqLu9X8T2gqiyFZ7TZ__4bhatWfaYVdL]]></MediaId>
<Format><![CDATA[amr]]></Format>
<MsgId>6327036050245943296</MsgId>
<Recognition><![CDATA[点餐。]]></Recognition>
</xml>
[#@2016/09/06 02:11:47#]------来了
[#@2016/09/06 02:11:47#]------回复
[#@2016/09/06 02:11:47#]------<xml><ToUserName><![CDATA[gh_738d4b50d9c5]]></ToUserName>
<FromUserName><![CDATA[oW6IEuF9oUP00Ja7P4LJzvFGvEmY]]></FromUserName>
<CreateTime>1473127906</CreateTime>
<MsgType><![CDATA[voice]]></MsgType>
<MediaId><![CDATA[UkEir7CyH_p3fFFm6_R_XnERwl5BiTrKUcMAXV4NlNAr0cOCNfPtdULF2eUoIz2n]]></MediaId>
<Format><![CDATA[amr]]></Format>
<MsgId>6327036179094962176</MsgId>
<Recognition><![CDATA[红烧肉。]]></Recognition>
</xml>
[#@2016/09/06 02:11:53#]------来了
[#@2016/09/06 02:11:53#]------回复
[#@2016/09/06 02:11:53#]------<xml><ToUserName><![CDATA[gh_738d4b50d9c5]]></ToUserName>
<FromUserName><![CDATA[oW6IEuF9oUP00Ja7P4LJzvFGvEmY]]></FromUserName>
<CreateTime>1473127912</CreateTime>
<MsgType><![CDATA[voice]]></MsgType>
<MediaId><![CDATA[5omHb4TMbtyUSbW_MN3aJrULg3M7TSx2z_F43HML7-rOBevOxgFxr73_5Dq45aR3]]></MediaId>
<Format><![CDATA[amr]]></Format>
<MsgId>6327036204864765952</MsgId>
<Recognition><![CDATA[肉丝。]]></Recognition>
</xml>
[#@2016/09/06 02:11:59#]------来了
[#@2016/09/06 02:11:59#]------回复
[#@2016/09/06 02:11:59#]------<xml><ToUserName><![CDATA[gh_738d4b50d9c5]]></ToUserName>
<FromUserName><![CDATA[oW6IEuF9oUP00Ja7P4LJzvFGvEmY]]></FromUserName>
<CreateTime>1473127919</CreateTime>
<MsgType><![CDATA[voice]]></MsgType>
<MediaId><![CDATA[bZwYGIzhX_s6L046osT8FXBpg-zrO-jNgnOxzcuWiGOc93nsFlDlJtTJpz_2A0US]]></MediaId>
<Format><![CDATA[amr]]></Format>
<MsgId>6327036234929537024</MsgId>
<Recognition><![CDATA[土豆丝。]]></Recognition>
</xml>
[#@2016/09/06 02:12:06#]------来了
[#@2016/09/06 02:12:06#]------回复
[#@2016/09/06 02:12:06#]------<xml><ToUserName><![CDATA[gh_738d4b50d9c5]]></ToUserName>
<FromUserName><![CDATA[oW6IEuF9oUP00Ja7P4LJzvFGvEmY]]></FromUserName>
<CreateTime>1473127925</CreateTime>
<MsgType><![CDATA[text]]></MsgType>
<Content><![CDATA[6]]></Content>
<MsgId>6327036261116589249</MsgId>
</xml>
[#@2016/09/06 02:12:06#]---选份数---{"on":1,"food":"\u571f\u8c46\u4e1d","flag":1,"order":[],"pay":""}
[#@2016/09/06 02:12:06#]---点好了---{"on":1,"food":"\u571f\u8c46\u4e1d","flag":1,"order":["\u571f\u8c46\u4e1dx6"],"pay":""}
[#@2016/09/06 02:12:06#]------有的
[#@2016/09/06 02:12:06#]---订单字符串---土豆丝x6
[#@2016/09/06 02:13:07#]------来了
[#@2016/09/06 02:13:07#]------回复
[#@2016/09/06 02:13:07#]------<xml><ToUserName><![CDATA[gh_738d4b50d9c5]]></ToUserName>
<FromUserName><![CDATA[oW6IEuF9oUP00Ja7P4LJzvFGvEmY]]></FromUserName>
<CreateTime>1473127986</CreateTime>
<MsgType><![CDATA[voice]]></MsgType>
<MediaId><![CDATA[D0Kp4kRLwZodR4u0mgiceN58W8T-u9yGkajrF-dEEj_dQddvrIs4UY7pLDwhbles]]></MediaId>
<Format><![CDATA[amr]]></Format>
<MsgId>6327036522692345856</MsgId>
<Recognition><![CDATA[红烧肉。]]></Recognition>
</xml>
[#@2016/09/06 02:13:21#]------来了
[#@2016/09/06 02:13:21#]------回复
[#@2016/09/06 02:13:21#]------<xml><ToUserName><![CDATA[gh_738d4b50d9c5]]></ToUserName>
<FromUserName><![CDATA[oW6IEuF9oUP00Ja7P4LJzvFGvEmY]]></FromUserName>
<CreateTime>1473128001</CreateTime>
<MsgType><![CDATA[voice]]></MsgType>
<MediaId><![CDATA[Uy8F9gql0lu5hm0eEsCZZof3wUB4v-5D3-tWzUu3hkyOW9-0u9XeSHLA-OtcfMsu]]></MediaId>
<Format><![CDATA[amr]]></Format>
<MsgId>6327036587116855296</MsgId>
<Recognition><![CDATA[西红柿炒鸡蛋。]]></Recognition>
</xml>
[#@2016/09/06 02:13:38#]------来了
[#@2016/09/06 02:13:38#]------回复
[#@2016/09/06 02:13:38#]------<xml><ToUserName><![CDATA[gh_738d4b50d9c5]]></ToUserName>
<FromUserName><![CDATA[oW6IEuF9oUP00Ja7P4LJzvFGvEmY]]></FromUserName>
<CreateTime>1473128017</CreateTime>
<MsgType><![CDATA[text]]></MsgType>
<Content><![CDATA[3]]></Content>
<MsgId>6327036656253580519</MsgId>
</xml>
[#@2016/09/06 02:13:38#]---选份数---{"on":1,"food":"\u897f\u7ea2\u67ff\u7092\u9e21\u86cb","flag":1,"order":["\u571f\u8c46\u4e1dx6"],"pay":"http:\/\/www.baidu.com\/s0"}
[#@2016/09/06 02:13:38#]---点好了---{"on":1,"food":"\u897f\u7ea2\u67ff\u7092\u9e21\u86cb","flag":1,"order":["\u571f\u8c46\u4e1dx6","\u897f\u7ea2\u67ff\u7092\u9e21\u86cbx3"],"pay":"http:\/\/www.baidu.com\/s0"}
[#@2016/09/06 02:13:38#]------有的
[#@2016/09/06 02:13:38#]---订单字符串---土豆丝x6 
 西红柿炒鸡蛋x3
[#@2016/09/06 02:13:56#]------来了
[#@2016/09/06 02:13:56#]------回复
[#@2016/09/06 02:13:56#]------<xml><ToUserName><![CDATA[gh_738d4b50d9c5]]></ToUserName>
<FromUserName><![CDATA[oW6IEuF9oUP00Ja7P4LJzvFGvEmY]]></FromUserName>
<CreateTime>1473128036</CreateTime>
<MsgType><![CDATA[text]]></MsgType>
<Content><![CDATA[买单]]></Content>
<MsgId>6327036737857959150</MsgId>
</xml>
[#@2016/09/06 02:13:56#]------买单
[#@2016/09/06 05:32:54#]------来了
[#@2016/09/06 05:32:54#]------回复
[#@2016/09/06 05:32:54#]------<xml><ToUserName><![CDATA[gh_738d4b50d9c5]]></ToUserName>
<FromUserName><![CDATA[oW6IEuF9oUP00Ja7P4LJzvFGvEmY]]></FromUserName>
<CreateTime>1473139973</CreateTime>
<MsgType><![CDATA[event]]></MsgType>
<Event><![CDATA[TEMPLATESENDJOBFINISH]]></Event>
<MsgID>417252200</MsgID>
<Status><![CDATA[success]]></Status>
</xml>
[#@2016/09/06 05:39:48#]------来了
[#@2016/09/06 05:39:48#]------回复
[#@2016/09/06 05:39:48#]------<xml><ToUserName><![CDATA[gh_738d4b50d9c5]]></ToUserName>
<FromUserName><![CDATA[oW6IEuF9oUP00Ja7P4LJzvFGvEmY]]></FromUserName>
<CreateTime>1473140387</CreateTime>
<MsgType><![CDATA[event]]></MsgType>
<Event><![CDATA[TEMPLATESENDJOBFINISH]]></Event>
<MsgID>417252373</MsgID>
<Status><![CDATA[success]]></Status>
</xml>
[#@2016/09/08 01:57:16#]------来了
[#@2016/09/08 01:57:16#]------接入
[#@2016/09/08 01:59:47#]------来了
[#@2016/09/08 01:59:47#]------回复
[#@2016/09/08 01:59:47#]------<xml><ToUserName><![CDATA[gh_738d4b50d9c5]]></ToUserName>
<FromUserName><![CDATA[oW6IEuF9oUP00Ja7P4LJzvFGvEmY]]></FromUserName>
<CreateTime>1473299982</CreateTime>
<MsgType><![CDATA[event]]></MsgType>
<Event><![CDATA[SCAN]]></Event>
<EventKey><![CDATA[10086]]></EventKey>
<Ticket><![CDATA[gQHz8DoAAAAAAAAAASxodHRwOi8vd2VpeGluLnFxLmNvbS9xLzgwUGNPZzNtVm9Ndkk1dmNWV19mAAIE7sPQVwMEAAAAAA==]]></Ticket>
</xml>
[#@2016/09/08 01:59:49#]------来了
[#@2016/09/08 01:59:49#]------回复
[#@2016/09/08 01:59:49#]------<xml><ToUserName><![CDATA[gh_738d4b50d9c5]]></ToUserName>
<FromUserName><![CDATA[oW6IEuF9oUP00Ja7P4LJzvFGvEmY]]></FromUserName>
<CreateTime>1473299984</CreateTime>
<MsgType><![CDATA[event]]></MsgType>
<Event><![CDATA[LOCATION]]></Event>
<Latitude>31.206635</Latitude>
<Longitude>121.381950</Longitude>
<Precision>65.000000</Precision>
</xml>
[#@2016/09/11 03:40:32#]------来了
[#@2016/09/11 03:40:32#]------接入
[#@2016/09/11 03:40:34#]------来了
[#@2016/09/11 03:40:34#]------回复
[#@2016/09/11 03:40:34#]------
[#@2016/09/11 03:41:00#]------来了
[#@2016/09/11 03:41:00#]------接入
[#@2016/09/23 11:47:22#]------来了
[#@2016/09/23 11:47:22#]------回复
[#@2016/09/23 11:47:37#]------来了
[#@2016/09/23 11:47:37#]------回复
[#@2016/09/23 11:48:34#]------来了
[#@2016/09/23 11:48:34#]------回复
[#@2016/09/23 11:48:34#]------
